Log file open, 11/17/21 22:12:30
LogWindows: Failed to load 'aqProf.dll' (GetLastError=126)
LogWindows: File 'aqProf.dll' does not exist
LogWindows: Failed to load 'VtuneApi.dll' (GetLastError=126)
LogWindows: File 'VtuneApi.dll' does not exist
LogWindows: Failed to load 'VtuneApi32e.dll' (GetLastError=126)
LogWindows: File 'VtuneApi32e.dll' does not exist
LogConsoleResponse: Display: Failed to find resolution value strings in scalability ini. Falling back to default.
LogConsoleResponse: Display: Failed to find resolution value strings in scalability ini. Falling back to default.
LogInit: Display: Running engine for game: MMA_project
LogPlatformFile: Not using cached read wrapper
LogTaskGraph: Started task graph with 5 named threads and 14 total threads with 3 sets of task threads.
LogStats: Stats thread started at 0.455295
LogICUInternationalization: ICU TimeZone Detection - Raw Offset: +1:00, Platform Override: ''
LogInit: Display: Loading text-based GConfig....
LogPluginManager: Mounting plugin MeshPainting
LogPluginManager: Mounting plugin XGEController
LogPluginManager: Mounting plugin Paper2D
LogPluginManager: Mounting plugin AISupport
LogPluginManager: Mounting plugin LiveLink
LogPluginManager: Mounting plugin EnvironmentQueryEditor
LogPluginManager: Mounting plugin LightPropagationVolume
LogPluginManager: Mounting plugin CameraShakePreviewer
LogPluginManager: Mounting plugin GameplayCameras
LogPluginManager: Mounting plugin OodleData
LogPluginManager: Mounting plugin OodleNetwork
LogPluginManager: Mounting plugin AnimationSharing
LogPluginManager: Mounting plugin CLionSourceCodeAccess
LogPluginManager: Mounting plugin CodeLiteSourceCodeAccess
LogPluginManager: Mounting plugin GitSourceControl
LogPluginManager: Mounting plugin KDevelopSourceCodeAccess
LogPluginManager: Mounting plugin NullSourceCodeAccess
LogPluginManager: Mounting plugin PerforceSourceControl
LogPluginManager: Mounting plugin PixWinPlugin
LogPluginManager: Mounting plugin PlasticSourceControl
LogPluginManager: Mounting plugin PluginUtils
LogPluginManager: Mounting plugin PropertyAccessNode
LogPluginManager: Mounting plugin RiderSourceCodeAccess
LogPluginManager: Mounting plugin SubversionSourceControl
LogPluginManager: Mounting plugin TextureFormatOodle
LogPluginManager: Mounting plugin UObjectPlugin
LogPluginManager: Mounting plugin VisualStudioCodeSourceCodeAccess
LogPluginManager: Mounting plugin VisualStudioSourceCodeAccess
LogPluginManager: Mounting plugin XCodeSourceCodeAccess
LogPluginManager: Mounting plugin AssetManagerEditor
LogPluginManager: Mounting plugin CryptoKeys
LogPluginManager: Mounting plugin CurveEditorTools
LogPluginManager: Mounting plugin DataValidation
LogPluginManager: Mounting plugin FacialAnimation
LogPluginManager: Mounting plugin GameplayTagsEditor
LogPluginManager: Mounting plugin GeometryMode
LogPluginManager: Mounting plugin MacGraphicsSwitching
LogPluginManager: Mounting plugin MaterialAnalyzer
LogPluginManager: Mounting plugin MobileLauncherProfileWizard
LogPluginManager: Mounting plugin PluginBrowser
LogPluginManager: Mounting plugin SpeedTreeImporter
LogPluginManager: Mounting plugin DatasmithContent
LogPluginManager: Mounting plugin VariantManagerContent
LogPluginManager: Mounting plugin Niagara
LogPluginManager: Mounting plugin LuminPlatformFeatures
LogPluginManager: Mounting plugin MagicLeap
LogPluginManager: Mounting plugin MagicLeapLightEstimation
LogPluginManager: Mounting plugin MagicLeapMedia
LogPluginManager: Mounting plugin MagicLeapPassableWorld
LogPluginManager: Mounting plugin MLSDK
LogPluginManager: Mounting plugin AndroidMedia
LogPluginManager: Mounting plugin AvfMedia
LogPluginManager: Mounting plugin ImgMedia
LogPluginManager: Mounting plugin MediaCompositing
LogPluginManager: Mounting plugin MediaPlayerEditor
LogPluginManager: Mounting plugin WebMMedia
LogPluginManager: Mounting plugin WmfMedia
LogPluginManager: Mounting plugin TcpMessaging
LogPluginManager: Mounting plugin UdpMessaging
LogPluginManager: Mounting plugin ActorSequence
LogPluginManager: Mounting plugin LevelSequenceEditor
LogPluginManager: Mounting plugin MatineeToLevelSequence
LogPluginManager: Mounting plugin TemplateSequence
LogPluginManager: Mounting plugin OnlineSubsystem
LogPluginManager: Mounting plugin OnlineSubsystemNull
LogPluginManager: Mounting plugin OnlineSubsystemUtils
LogPluginManager: Mounting plugin LauncherChunkInstaller
LogPluginManager: Mounting plugin ActorLayerUtilities
LogPluginManager: Mounting plugin AndroidDeviceProfileSelector
LogPluginManager: Mounting plugin AndroidMoviePlayer
LogPluginManager: Mounting plugin AndroidPermission
LogPluginManager: Mounting plugin AppleImageUtils
LogPluginManager: Mounting plugin AppleMoviePlayer
LogPluginManager: Mounting plugin ArchVisCharacter
LogPluginManager: Mounting plugin AssetTags
LogPluginManager: Mounting plugin AudioCapture
LogPluginManager: Mounting plugin AudioSynesthesia
LogPluginManager: Mounting plugin CableComponent
LogPluginManager: Mounting plugin ChunkDownloader
LogPluginManager: Mounting plugin CustomMeshComponent
LogPluginManager: Mounting plugin EditableMesh
LogPluginManager: Mounting plugin ExampleDeviceProfileSelector
LogPluginManager: Mounting plugin GoogleCloudMessaging
LogPluginManager: Mounting plugin GooglePAD
LogPluginManager: Mounting plugin IOSDeviceProfileSelector
LogPluginManager: Mounting plugin LocationServicesBPLibrary
LogPluginManager: Mounting plugin MobilePatchingUtils
LogPluginManager: Mounting plugin OpenXR
LogPluginManager: Mounting plugin OpenXREyeTracker
LogPluginManager: Mounting plugin OpenXRHandTracking
LogPluginManager: Mounting plugin PhysXVehicles
LogPluginManager: Mounting plugin PostSplashScreen
LogPluginManager: Mounting plugin ProceduralMeshComponent
LogPluginManager: Mounting plugin PropertyAccessEditor
LogPluginManager: Mounting plugin RuntimePhysXCooking
LogPluginManager: Mounting plugin SignificanceManager
LogPluginManager: Mounting plugin SoundFields
LogPluginManager: Mounting plugin Synthesis
LogPluginManager: Mounting plugin ScreenshotTools
LogPluginManager: Mounting plugin WebMMoviePlayer
LogPluginManager: Mounting plugin WindowsMoviePlayer
LogPluginManager: Mounting plugin AlembicImporter
LogPluginManager: Mounting plugin AutomationUtils
LogPluginManager: Mounting plugin BackChannel
LogPluginManager: Mounting plugin ChaosCloth
LogPluginManager: Mounting plugin ChaosClothEditor
LogPluginManager: Mounting plugin ChaosEditor
LogPluginManager: Mounting plugin ChaosNiagara
LogPluginManager: Mounting plugin ChaosSolverPlugin
LogPluginManager: Mounting plugin CharacterAI
LogPluginManager: Mounting plugin Takes
LogPluginManager: Mounting plugin GeometryCache
LogPluginManager: Mounting plugin GeometryCollectionPlugin
LogPluginManager: Mounting plugin GeometryProcessing
LogPluginManager: Mounting plugin MotoSynth
LogPluginManager: Mounting plugin OpenImageDenoise
LogPluginManager: Mounting plugin PlanarCut
LogPluginManager: Mounting plugin LinuxDeviceProfileSelector
LogPluginManager: Mounting plugin PlatformCrypto
LogPluginManager: Mounting plugin ProxyLODPlugin
LogPluginManager: Mounting plugin SkeletalReduction
LogPluginManager: Mounting plugin PythonScriptPlugin
LogPluginManager: Mounting plugin ContentBrowserAssetDataSource
LogPluginManager: Mounting plugin ContentBrowserClassDataSource
LogPluginManager: Mounting plugin ContentBrowserFileDataSource
LogPluginManager: Mounting plugin OnlineSubsystemGooglePlay
LogPluginManager: Mounting plugin OnlineSubsystemIOS
LogPluginManager: Mounting plugin OculusVR
LogPluginManager: Mounting plugin SteamVR
LogPluginManager: Mounting plugin BeachSimulation
PixWinPlugin: PIX capture plugin failed to initialize! Check that the process is launched from PIX.
LogInit: Using libcurl 7.55.1-DEV
LogInit:  - built for x86_64-pc-win32
LogInit:  - supports SSL with OpenSSL/1.1.1
LogInit:  - supports HTTP deflate (compression) using libz 1.2.8
LogInit:  - other features:
LogInit:      CURL_VERSION_SSL
LogInit:      CURL_VERSION_LIBZ
LogInit:      CURL_VERSION_IPV6
LogInit:      CURL_VERSION_ASYNCHDNS
LogInit:      CURL_VERSION_LARGEFILE
LogInit:      CURL_VERSION_IDN
LogInit:  CurlRequestOptions (configurable via config and command line):
LogInit:  - bVerifyPeer = true  - Libcurl will verify peer certificate
LogInit:  - bUseHttpProxy = false  - Libcurl will NOT use HTTP proxy
LogInit:  - bDontReuseConnections = false  - Libcurl will reuse connections
LogInit:  - MaxHostConnections = 16  - Libcurl will limit the number of connections to a host
LogInit:  - LocalHostAddr = Default
LogInit:  - BufferSize = 65536
LogOnline: OSS: Creating online subsystem instance for: NULL
LogInit: WinSock: version 1.1 (2.2), MaxSocks=32767, MaxUdp=65467
LogOnline: OSS: TryLoadSubsystemAndSetDefault: Loaded subsystem for module [NULL]
LogOculusPluginWrapper: OculusPlugin initialized successfully
LogHMD: Failed initializing OVRPlugin 1.59.0
LogInit: Build: ++UE4+Release-4.27-CL-17155196
LogInit: Engine Version: 4.27.0-17155196+++UE4+Release-4.27
LogInit: Compatible Engine Version: 4.27.0-17155196+++UE4+Release-4.27
LogInit: Net CL: 17155196
LogInit: OS: Windows 10 (Release 1909) (), CPU: Intel(R) Core(TM) i5-7300HQ CPU @ 2.50GHz, GPU: Intel(R) HD Graphics 630
LogInit: Compiled (64-bit): Aug 13 2021 06:13:13
LogInit: Compiled with Visual C++: 19.24.28315.00
LogInit: Build Configuration: Development
LogInit: Branch Name: ++UE4+Release-4.27
LogInit: Command Line:  -skipcompile
LogInit: Base Directory: C:/EP/UE_4.27/Engine/Binaries/Win64/
LogInit: Allocator: TBB
LogInit: Installed Engine Build: 1
LogDevObjectVersion: Number of dev versions registered: 29
LogDevObjectVersion:   Dev-Blueprints (B0D832E4-1F89-4F0D-ACCF-7EB736FD4AA2): 10
LogDevObjectVersion:   Dev-Build (E1C64328-A22C-4D53-A36C-8E866417BD8C): 0
LogDevObjectVersion:   Dev-Core (375EC13C-06E4-48FB-B500-84F0262A717E): 4
LogDevObjectVersion:   Dev-Editor (E4B068ED-F494-42E9-A231-DA0B2E46BB41): 40
LogDevObjectVersion:   Dev-Framework (CFFC743F-43B0-4480-9391-14DF171D2073): 37
LogDevObjectVersion:   Dev-Mobile (B02B49B5-BB20-44E9-A304-32B752E40360): 3
LogDevObjectVersion:   Dev-Networking (A4E4105C-59A1-49B5-A7C5-40C4547EDFEE): 0
LogDevObjectVersion:   Dev-Online (39C831C9-5AE6-47DC-9A44-9C173E1C8E7C): 0
LogDevObjectVersion:   Dev-Physics (78F01B33-EBEA-4F98-B9B4-84EACCB95AA2): 14
LogDevObjectVersion:   Dev-Platform (6631380F-2D4D-43E0-8009-CF276956A95A): 0
LogDevObjectVersion:   Dev-Rendering (12F88B9F-8875-4AFC-A67C-D90C383ABD29): 45
LogDevObjectVersion:   Dev-Sequencer (7B5AE74C-D270-4C10-A958-57980B212A5A): 13
LogDevObjectVersion:   Dev-VR (D7296918-1DD6-4BDD-9DE2-64A83CC13884): 3
LogDevObjectVersion:   Dev-LoadTimes (C2A15278-BFE7-4AFE-6C17-90FF531DF755): 1
LogDevObjectVersion:   Private-Geometry (6EACA3D4-40EC-4CC1-B786-8BED09428FC5): 3
LogDevObjectVersion:   Dev-AnimPhys (29E575DD-E0A3-4627-9D10-D276232CDCEA): 17
LogDevObjectVersion:   Dev-Anim (AF43A65D-7FD3-4947-9873-3E8ED9C1BB05): 15
LogDevObjectVersion:   Dev-ReflectionCapture (6B266CEC-1EC7-4B8F-A30B-E4D90942FC07): 1
LogDevObjectVersion:   Dev-Automation (0DF73D61-A23F-47EA-B727-89E90C41499A): 1
LogDevObjectVersion:   FortniteMain (601D1886-AC64-4F84-AA16-D3DE0DEAC7D6): 47
LogDevObjectVersion:   FortniteRelease (E7086368-6B23-4C58-8439-1B7016265E91): 1
LogDevObjectVersion:   Dev-Enterprise (9DFFBCD6-494F-0158-E221-12823C92A888): 10
LogDevObjectVersion:   Dev-Niagara (F2AED0AC-9AFE-416F-8664-AA7FFA26D6FC): 1
LogDevObjectVersion:   Dev-Destruction (174F1F0B-B4C6-45A5-B13F-2EE8D0FB917D): 10
LogDevObjectVersion:   Dev-Physics-Ext (35F94A83-E258-406C-A318-09F59610247C): 41
LogDevObjectVersion:   Dev-PhysicsMaterial-Chaos (B68FC16E-8B1B-42E2-B453-215C058844FE): 1
LogDevObjectVersion:   Dev-CineCamera (B2E18506-4273-CFC2-A54E-F4BB758BBA07): 1
LogDevObjectVersion:   Dev-VirtualProduction (64F58936-FD1B-42BA-BA96-7289D5D0FA4E): 1
LogDevObjectVersion:   Dev-MediaFramework (6F0ED827-A609-4895-9C91-998D90180EA4): 2
LogInit: Presizing for max 25165824 objects, including 0 objects not considered by GC, pre-allocating 0 bytes for permanent pool.
LogConfig: Applying CVar settings from Section [/Script/Engine.StreamingSettings] File [G:/UE4_data/Projects/MMA_project/Saved/Config/Windows/Engine.ini]
LogConfig: Setting CVar [[s.MinBulkDataSizeForAsyncLoading:131072]]
LogConfig: Setting CVar [[s.AsyncLoadingThreadEnabled:0]]
LogConfig: Setting CVar [[s.EventDrivenLoaderEnabled:1]]
LogConfig: Setting CVar [[s.WarnIfTimeLimitExceeded:0]]
LogConfig: Setting CVar [[s.TimeLimitExceededMultiplier:1.5]]
LogConfig: Setting CVar [[s.TimeLimitExceededMinTime:0.005]]
LogConfig: Setting CVar [[s.UseBackgroundLevelStreaming:1]]
LogConfig: Setting CVar [[s.PriorityAsyncLoadingExtraTime:15.0]]
LogConfig: Setting CVar [[s.LevelStreamingActorsUpdateTimeLimit:5.0]]
LogConfig: Setting CVar [[s.PriorityLevelStreamingActorsUpdateExtraTime:5.0]]
LogConfig: Setting CVar [[s.LevelStreamingComponentsRegistrationGranularity:10]]
LogConfig: Setting CVar [[s.UnregisterComponentsTimeLimit:1.0]]
LogConfig: Setting CVar [[s.LevelStreamingComponentsUnregistrationGranularity:5]]
LogConfig: Setting CVar [[s.FlushStreamingOnExit:1]]
LogInit: Object subsystem initialized
LogConfig: Setting CVar [[con.DebugEarlyDefault:1]]
LogConfig: Setting CVar [[r.setres:1280x720]]
[2021.11.17-21.12.32:123][  0]LogConfig: Setting CVar [[r.VSync:0]]
[2021.11.17-21.12.32:123][  0]LogConfig: Setting CVar [[r.RHICmdBypass:0]]
[2021.11.17-21.12.32:123][  0]LogConfig: Applying CVar settings from Section [/Script/Engine.RendererSettings] File [G:/UE4_data/Projects/MMA_project/Saved/Config/Windows/Engine.ini]
[2021.11.17-21.12.32:123][  0]LogConfig: Setting CVar [[r.GPUCrashDebugging:0]]
[2021.11.17-21.12.32:123][  0]LogConfig: Applying CVar settings from Section [/Script/Engine.RendererOverrideSettings] File [G:/UE4_data/Projects/MMA_project/Saved/Config/Windows/Engine.ini]
[2021.11.17-21.12.32:124][  0]LogConfig: Applying CVar settings from Section [/Script/Engine.StreamingSettings] File [G:/UE4_data/Projects/MMA_project/Saved/Config/Windows/Engine.ini]
[2021.11.17-21.12.32:124][  0]LogConfig: Setting CVar [[s.MinBulkDataSizeForAsyncLoading:131072]]
[2021.11.17-21.12.32:124][  0]LogConfig: Setting CVar [[s.AsyncLoadingThreadEnabled:0]]
[2021.11.17-21.12.32:124][  0]LogConfig: Setting CVar [[s.EventDrivenLoaderEnabled:1]]
[2021.11.17-21.12.32:124][  0]LogConfig: Setting CVar [[s.WarnIfTimeLimitExceeded:0]]
[2021.11.17-21.12.32:124][  0]LogConfig: Setting CVar [[s.TimeLimitExceededMultiplier:1.5]]
[2021.11.17-21.12.32:124][  0]LogConfig: Setting CVar [[s.TimeLimitExceededMinTime:0.005]]
[2021.11.17-21.12.32:124][  0]LogConfig: Setting CVar [[s.UseBackgroundLevelStreaming:1]]
[2021.11.17-21.12.32:124][  0]LogConfig: Setting CVar [[s.PriorityAsyncLoadingExtraTime:15.0]]
[2021.11.17-21.12.32:124][  0]LogConfig: Setting CVar [[s.LevelStreamingActorsUpdateTimeLimit:5.0]]
[2021.11.17-21.12.32:124][  0]LogConfig: Setting CVar [[s.PriorityLevelStreamingActorsUpdateExtraTime:5.0]]
[2021.11.17-21.12.32:124][  0]LogConfig: Setting CVar [[s.LevelStreamingComponentsRegistrationGranularity:10]]
[2021.11.17-21.12.32:124][  0]LogConfig: Setting CVar [[s.UnregisterComponentsTimeLimit:1.0]]
[2021.11.17-21.12.32:124][  0]LogConfig: Setting CVar [[s.LevelStreamingComponentsUnregistrationGranularity:5]]
[2021.11.17-21.12.32:124][  0]LogConfig: Setting CVar [[s.FlushStreamingOnExit:1]]
[2021.11.17-21.12.32:124][  0]LogConfig: Applying CVar settings from Section [/Script/Engine.GarbageCollectionSettings] File [G:/UE4_data/Projects/MMA_project/Saved/Config/Windows/Engine.ini]
[2021.11.17-21.12.32:124][  0]LogConfig: Setting CVar [[gc.MaxObjectsNotConsideredByGC:1]]
[2021.11.17-21.12.32:124][  0]LogConfig: Setting CVar [[gc.SizeOfPermanentObjectPool:0]]
[2021.11.17-21.12.32:124][  0]LogConfig: Setting CVar [[gc.FlushStreamingOnGC:0]]
[2021.11.17-21.12.32:125][  0]LogConfig: Setting CVar [[gc.NumRetriesBeforeForcingGC:10]]
[2021.11.17-21.12.32:125][  0]LogConfig: Setting CVar [[gc.AllowParallelGC:1]]
[2021.11.17-21.12.32:125][  0]LogConfig: Setting CVar [[gc.TimeBetweenPurgingPendingKillObjects:61.1]]
[2021.11.17-21.12.32:125][  0]LogConfig: Setting CVar [[gc.MaxObjectsInEditor:25165824]]
[2021.11.17-21.12.32:125][  0]LogConfig: Setting CVar [[gc.IncrementalBeginDestroyEnabled:1]]
[2021.11.17-21.12.32:125][  0]LogConfig: Setting CVar [[gc.CreateGCClusters:1]]
[2021.11.17-21.12.32:125][  0]LogConfig: Setting CVar [[gc.MinGCClusterSize:5]]
[2021.11.17-21.12.32:125][  0]LogConfig: Setting CVar [[gc.ActorClusteringEnabled:0]]
[2021.11.17-21.12.32:125][  0]LogConfig: Setting CVar [[gc.BlueprintClusteringEnabled:0]]
[2021.11.17-21.12.32:125][  0]LogConfig: Setting CVar [[gc.UseDisregardForGCOnDedicatedServers:0]]
[2021.11.17-21.12.32:125][  0]LogConfig: Setting CVar [[gc.MultithreadedDestructionEnabled:1]]
[2021.11.17-21.12.32:125][  0]LogConfig: Applying CVar settings from Section [/Script/Engine.NetworkSettings] File [G:/UE4_data/Projects/MMA_project/Saved/Config/Windows/Engine.ini]
[2021.11.17-21.12.32:125][  0]LogConfig: Applying CVar settings from Section [/Script/UnrealEd.CookerSettings] File [G:/UE4_data/Projects/MMA_project/Saved/Config/Windows/Engine.ini]
[2021.11.17-21.12.32:145][  0]LogConfig: Applying CVar settings from Section [ViewDistanceQuality@3] File [G:/UE4_data/Projects/MMA_project/Saved/Config/Windows/Scalability.ini]
[2021.11.17-21.12.32:145][  0]LogConfig: Setting CVar [[r.SkeletalMeshLODBias:0]]
[2021.11.17-21.12.32:145][  0]LogConfig: Setting CVar [[r.ViewDistanceScale:1.0]]
[2021.11.17-21.12.32:145][  0]LogConfig: Applying CVar settings from Section [AntiAliasingQuality@3] File [G:/UE4_data/Projects/MMA_project/Saved/Config/Windows/Scalability.ini]
[2021.11.17-21.12.32:145][  0]LogConfig: Setting CVar [[r.PostProcessAAQuality:4]]
[2021.11.17-21.12.32:145][  0]LogConfig: Applying CVar settings from Section [ShadowQuality@3] File [G:/UE4_data/Projects/MMA_project/Saved/Config/Windows/Scalability.ini]
[2021.11.17-21.12.32:145][  0]LogConfig: Setting CVar [[r.LightFunctionQuality:1]]
[2021.11.17-21.12.32:145][  0]LogConfig: Setting CVar [[r.ShadowQuality:5]]
[2021.11.17-21.12.32:145][  0]LogConfig: Setting CVar [[r.Shadow.CSM.MaxCascades:10]]
[2021.11.17-21.12.32:145][  0]LogConfig: Setting CVar [[r.Shadow.MaxResolution:2048]]
[2021.11.17-21.12.32:146][  0]LogConfig: Setting CVar [[r.Shadow.MaxCSMResolution:2048]]
[2021.11.17-21.12.32:146][  0]LogConfig: Setting CVar [[r.Shadow.RadiusThreshold:0.01]]
[2021.11.17-21.12.32:146][  0]LogConfig: Setting CVar [[r.Shadow.DistanceScale:1.0]]
[2021.11.17-21.12.32:146][  0]LogConfig: Setting CVar [[r.Shadow.CSM.TransitionScale:1.0]]
[2021.11.17-21.12.32:146][  0]LogConfig: Setting CVar [[r.Shadow.PreShadowResolutionFactor:1.0]]
[2021.11.17-21.12.32:146][  0]LogConfig: Setting CVar [[r.DistanceFieldShadowing:1]]
[2021.11.17-21.12.32:146][  0]LogConfig: Setting CVar [[r.DistanceFieldAO:1]]
[2021.11.17-21.12.32:146][  0]LogConfig: Setting CVar [[r.AOQuality:2]]
[2021.11.17-21.12.32:146][  0]LogConfig: Setting CVar [[r.VolumetricFog:1]]
[2021.11.17-21.12.32:146][  0]LogConfig: Setting CVar [[r.VolumetricFog.GridPixelSize:8]]
[2021.11.17-21.12.32:146][  0]LogConfig: Setting CVar [[r.VolumetricFog.GridSizeZ:128]]
[2021.11.17-21.12.32:147][  0]LogConfig: Setting CVar [[r.VolumetricFog.HistoryMissSupersampleCount:4]]
[2021.11.17-21.12.32:147][  0]LogConfig: Setting CVar [[r.LightMaxDrawDistanceScale:1]]
[2021.11.17-21.12.32:147][  0]LogConfig: Setting CVar [[r.CapsuleShadows:1]]
[2021.11.17-21.12.32:147][  0]LogConfig: Applying CVar settings from Section [PostProcessQuality@3] File [G:/UE4_data/Projects/MMA_project/Saved/Config/Windows/Scalability.ini]
[2021.11.17-21.12.32:147][  0]LogConfig: Setting CVar [[r.MotionBlurQuality:4]]
[2021.11.17-21.12.32:147][  0]LogConfig: Setting CVar [[r.AmbientOcclusionMipLevelFactor:0.4]]
[2021.11.17-21.12.32:147][  0]LogConfig: Setting CVar [[r.AmbientOcclusionMaxQuality:100]]
[2021.11.17-21.12.32:147][  0]LogConfig: Setting CVar [[r.AmbientOcclusionLevels:-1]]
[2021.11.17-21.12.32:147][  0]LogConfig: Setting CVar [[r.AmbientOcclusionRadiusScale:1.0]]
[2021.11.17-21.12.32:148][  0]LogConfig: Setting CVar [[r.DepthOfFieldQuality:2]]
[2021.11.17-21.12.32:148][  0]LogConfig: Setting CVar [[r.RenderTargetPoolMin:400]]
[2021.11.17-21.12.32:148][  0]LogConfig: Setting CVar [[r.LensFlareQuality:2]]
[2021.11.17-21.12.32:148][  0]LogConfig: Setting CVar [[r.SceneColorFringeQuality:1]]
[2021.11.17-21.12.32:148][  0]LogConfig: Setting CVar [[r.EyeAdaptationQuality:2]]
[2021.11.17-21.12.32:148][  0]LogConfig: Setting CVar [[r.BloomQuality:5]]
[2021.11.17-21.12.32:148][  0]LogConfig: Setting CVar [[r.FastBlurThreshold:100]]
[2021.11.17-21.12.32:148][  0]LogConfig: Setting CVar [[r.Upscale.Quality:3]]
[2021.11.17-21.12.32:148][  0]LogConfig: Setting CVar [[r.Tonemapper.GrainQuantization:1]]
[2021.11.17-21.12.32:148][  0]LogConfig: Setting CVar [[r.LightShaftQuality:1]]
[2021.11.17-21.12.32:148][  0]LogConfig: Setting CVar [[r.Filter.SizeScale:1]]
[2021.11.17-21.12.32:148][  0]LogConfig: Setting CVar [[r.Tonemapper.Quality:5]]
[2021.11.17-21.12.32:148][  0]LogConfig: Setting CVar [[r.DOF.Gather.AccumulatorQuality:1        ; higher gathering accumulator quality]]
[2021.11.17-21.12.32:148][  0]LogConfig: Setting CVar [[r.DOF.Gather.PostfilterMethod:1          ; Median3x3 postfilering method]]
[2021.11.17-21.12.32:148][  0]LogConfig: Setting CVar [[r.DOF.Gather.EnableBokehSettings:0       ; no bokeh simulation when gathering]]
[2021.11.17-21.12.32:149][  0]LogConfig: Setting CVar [[r.DOF.Gather.RingCount:4                 ; medium number of samples when gathering]]
[2021.11.17-21.12.32:149][  0]LogConfig: Setting CVar [[r.DOF.Scatter.ForegroundCompositing:1    ; additive foreground scattering]]
[2021.11.17-21.12.32:149][  0]LogConfig: Setting CVar [[r.DOF.Scatter.BackgroundCompositing:2    ; additive background scattering]]
[2021.11.17-21.12.32:149][  0]LogConfig: Setting CVar [[r.DOF.Scatter.EnableBokehSettings:1      ; bokeh simulation when scattering]]
[2021.11.17-21.12.32:149][  0]LogConfig: Setting CVar [[r.DOF.Scatter.MaxSpriteRatio:0.1         ; only a maximum of 10% of scattered bokeh]]
[2021.11.17-21.12.32:149][  0]LogConfig: Setting CVar [[r.DOF.Recombine.Quality:1                ; cheap slight out of focus]]
[2021.11.17-21.12.32:149][  0]LogConfig: Setting CVar [[r.DOF.Recombine.EnableBokehSettings:0    ; no bokeh simulation on slight out of focus]]
[2021.11.17-21.12.32:149][  0]LogConfig: Setting CVar [[r.DOF.TemporalAAQuality:1                ; more stable temporal accumulation]]
[2021.11.17-21.12.32:149][  0]LogConfig: Setting CVar [[r.DOF.Kernel.MaxForegroundRadius:0.025]]
[2021.11.17-21.12.32:149][  0]LogConfig: Setting CVar [[r.DOF.Kernel.MaxBackgroundRadius:0.025]]
[2021.11.17-21.12.32:149][  0]LogConfig: Applying CVar settings from Section [TextureQuality@3] File [G:/UE4_data/Projects/MMA_project/Saved/Config/Windows/Scalability.ini]
[2021.11.17-21.12.32:149][  0]LogConfig: Setting CVar [[r.Streaming.MipBias:0]]
[2021.11.17-21.12.32:149][  0]LogConfig: Setting CVar [[r.Streaming.AmortizeCPUToGPUCopy:0]]
[2021.11.17-21.12.32:149][  0]LogConfig: Setting CVar [[r.Streaming.MaxNumTexturesToStreamPerFrame:0]]
[2021.11.17-21.12.32:149][  0]LogConfig: Setting CVar [[r.Streaming.Boost:1]]
[2021.11.17-21.12.32:149][  0]LogConfig: Setting CVar [[r.MaxAnisotropy:8]]
[2021.11.17-21.12.32:149][  0]LogConfig: Setting CVar [[r.VT.MaxAnisotropy:8]]
[2021.11.17-21.12.32:149][  0]LogConfig: Setting CVar [[r.Streaming.LimitPoolSizeToVRAM:0]]
[2021.11.17-21.12.32:149][  0]LogConfig: Setting CVar [[r.Streaming.PoolSize:1000]]
[2021.11.17-21.12.32:150][  0]LogConfig: Setting CVar [[r.Streaming.MaxEffectiveScreenSize:0]]
[2021.11.17-21.12.32:150][  0]LogConfig: Applying CVar settings from Section [EffectsQuality@3] File [G:/UE4_data/Projects/MMA_project/Saved/Config/Windows/Scalability.ini]
[2021.11.17-21.12.32:151][  0]LogConfig: Setting CVar [[r.TranslucencyLightingVolumeDim:64]]
[2021.11.17-21.12.32:151][  0]LogConfig: Setting CVar [[r.RefractionQuality:2]]
[2021.11.17-21.12.32:151][  0]LogConfig: Setting CVar [[r.SSR.Quality:3]]
[2021.11.17-21.12.32:152][  0]LogConfig: Setting CVar [[r.SSR.HalfResSceneColor:0]]
[2021.11.17-21.12.32:152][  0]LogConfig: Setting CVar [[r.SceneColorFormat:4]]
[2021.11.17-21.12.32:152][  0]LogConfig: Setting CVar [[r.DetailMode:2]]
[2021.11.17-21.12.32:152][  0]LogConfig: Setting CVar [[r.TranslucencyVolumeBlur:1]]
[2021.11.17-21.12.32:153][  0]LogConfig: Setting CVar [[r.MaterialQualityLevel:1 ; High quality]]
[2021.11.17-21.12.32:153][  0]LogConfig: Setting CVar [[r.AnisotropicMaterials:1]]
[2021.11.17-21.12.32:153][  0]LogConfig: Setting CVar [[r.SSS.Scale:1]]
[2021.11.17-21.12.32:153][  0]LogConfig: Setting CVar [[r.SSS.SampleSet:2]]
[2021.11.17-21.12.32:153][  0]LogConfig: Setting CVar [[r.SSS.Quality:1]]
[2021.11.17-21.12.32:153][  0]LogConfig: Setting CVar [[r.SSS.HalfRes:0]]
[2021.11.17-21.12.32:153][  0]LogConfig: Setting CVar [[r.SSGI.Quality:3]]
[2021.11.17-21.12.32:153][  0]LogConfig: Setting CVar [[r.EmitterSpawnRateScale:1.0]]
[2021.11.17-21.12.32:153][  0]LogConfig: Setting CVar [[r.ParticleLightQuality:2]]
[2021.11.17-21.12.32:153][  0]LogConfig: Setting CVar [[r.SkyAtmosphere.AerialPerspectiveLUT.FastApplyOnOpaque:1 ; Always have FastSkyLUT 1 in this case to avoid wrong sky]]
[2021.11.17-21.12.32:153][  0]LogConfig: Setting CVar [[r.SkyAtmosphere.AerialPerspectiveLUT.SampleCountMaxPerSlice:4]]
[2021.11.17-21.12.32:154][  0]LogConfig: Setting CVar [[r.SkyAtmosphere.AerialPerspectiveLUT.DepthResolution:16.0]]
[2021.11.17-21.12.32:154][  0]LogConfig: Setting CVar [[r.SkyAtmosphere.FastSkyLUT:1]]
[2021.11.17-21.12.32:155][  0]LogConfig: Setting CVar [[r.SkyAtmosphere.FastSkyLUT.SampleCountMin:4.0]]
[2021.11.17-21.12.32:155][  0]LogConfig: Setting CVar [[r.SkyAtmosphere.FastSkyLUT.SampleCountMax:128.0]]
[2021.11.17-21.12.32:155][  0]LogConfig: Setting CVar [[r.SkyAtmosphere.SampleCountMin:4.0]]
[2021.11.17-21.12.32:155][  0]LogConfig: Setting CVar [[r.SkyAtmosphere.SampleCountMax:128.0]]
[2021.11.17-21.12.32:155][  0]LogConfig: Setting CVar [[r.SkyAtmosphere.TransmittanceLUT.UseSmallFormat:0]]
[2021.11.17-21.12.32:155][  0]LogConfig: Setting CVar [[r.SkyAtmosphere.TransmittanceLUT.SampleCount:10.0]]
[2021.11.17-21.12.32:155][  0]LogConfig: Setting CVar [[r.SkyAtmosphere.MultiScatteringLUT.SampleCount:15.0]]
[2021.11.17-21.12.32:155][  0]LogConfig: Setting CVar [[r.SkyLight.RealTimeReflectionCapture:1]]
[2021.11.17-21.12.32:155][  0]LogConfig: Applying CVar settings from Section [FoliageQuality@3] File [G:/UE4_data/Projects/MMA_project/Saved/Config/Windows/Scalability.ini]
[2021.11.17-21.12.32:155][  0]LogConfig: Setting CVar [[foliage.DensityScale:1.0]]
[2021.11.17-21.12.32:156][  0]LogConfig: Setting CVar [[grass.DensityScale:1.0]]
[2021.11.17-21.12.32:156][  0]LogConfig: Applying CVar settings from Section [ShadingQuality@3] File [G:/UE4_data/Projects/MMA_project/Saved/Config/Windows/Scalability.ini]
[2021.11.17-21.12.32:156][  0]LogConfig: Setting CVar [[r.HairStrands.SkyLighting.IntegrationType:2]]
[2021.11.17-21.12.32:156][  0]LogConfig: Setting CVar [[r.HairStrands.SkyAO.SampleCount:4]]
[2021.11.17-21.12.32:156][  0]LogConfig: Setting CVar [[r.HairStrands.Visibility.MSAA.SamplePerPixel:4]]
[2021.11.17-21.12.32:156][  0]LogInit: Selected Device Profile: [Windows]
[2021.11.17-21.12.32:156][  0]LogInit: Applying CVar settings loaded from the selected device profile: [Windows]
[2021.11.17-21.12.32:156][  0]LogHAL: Display: Platform has ~ 8 GB [8465461248 / 8589934592 / 8], which maps to Default [LargestMinGB=32, LargerMinGB=12, DefaultMinGB=8, SmallerMinGB=6, SmallestMinGB=0)
[2021.11.17-21.12.32:156][  0]LogInit: Going up to parent DeviceProfile []
[2021.11.17-21.12.32:156][  0]LogConfig: Applying CVar settings from Section [ViewDistanceQuality@3] File [G:/UE4_data/Projects/MMA_project/Saved/Config/Windows/Scalability.ini]
[2021.11.17-21.12.32:156][  0]LogConfig: Setting CVar [[r.SkeletalMeshLODBias:0]]
[2021.11.17-21.12.32:157][  0]LogConfig: Setting CVar [[r.ViewDistanceScale:1.0]]
[2021.11.17-21.12.32:157][  0]LogConfig: Applying CVar settings from Section [AntiAliasingQuality@3] File [G:/UE4_data/Projects/MMA_project/Saved/Config/Windows/Scalability.ini]
[2021.11.17-21.12.32:157][  0]LogConfig: Setting CVar [[r.PostProcessAAQuality:4]]
[2021.11.17-21.12.32:157][  0]LogConfig: Applying CVar settings from Section [ShadowQuality@3] File [G:/UE4_data/Projects/MMA_project/Saved/Config/Windows/Scalability.ini]
[2021.11.17-21.12.32:157][  0]LogConfig: Setting CVar [[r.LightFunctionQuality:1]]
[2021.11.17-21.12.32:157][  0]LogConfig: Setting CVar [[r.ShadowQuality:5]]
[2021.11.17-21.12.32:157][  0]LogConfig: Setting CVar [[r.Shadow.CSM.MaxCascades:10]]
[2021.11.17-21.12.32:157][  0]LogConfig: Setting CVar [[r.Shadow.MaxResolution:2048]]
[2021.11.17-21.12.32:157][  0]LogConfig: Setting CVar [[r.Shadow.MaxCSMResolution:2048]]
[2021.11.17-21.12.32:157][  0]LogConfig: Setting CVar [[r.Shadow.RadiusThreshold:0.01]]
[2021.11.17-21.12.32:157][  0]LogConfig: Setting CVar [[r.Shadow.DistanceScale:1.0]]
[2021.11.17-21.12.32:157][  0]LogConfig: Setting CVar [[r.Shadow.CSM.TransitionScale:1.0]]
[2021.11.17-21.12.32:157][  0]LogConfig: Setting CVar [[r.Shadow.PreShadowResolutionFactor:1.0]]
[2021.11.17-21.12.32:157][  0]LogConfig: Setting CVar [[r.DistanceFieldShadowing:1]]
[2021.11.17-21.12.32:157][  0]LogConfig: Setting CVar [[r.DistanceFieldAO:1]]
[2021.11.17-21.12.32:157][  0]LogConfig: Setting CVar [[r.AOQuality:2]]
[2021.11.17-21.12.32:157][  0]LogConfig: Setting CVar [[r.VolumetricFog:1]]
[2021.11.17-21.12.32:157][  0]LogConfig: Setting CVar [[r.VolumetricFog.GridPixelSize:8]]
[2021.11.17-21.12.32:157][  0]LogConfig: Setting CVar [[r.VolumetricFog.GridSizeZ:128]]
[2021.11.17-21.12.32:158][  0]LogConfig: Setting CVar [[r.VolumetricFog.HistoryMissSupersampleCount:4]]
[2021.11.17-21.12.32:158][  0]LogConfig: Setting CVar [[r.LightMaxDrawDistanceScale:1]]
[2021.11.17-21.12.32:158][  0]LogConfig: Setting CVar [[r.CapsuleShadows:1]]
[2021.11.17-21.12.32:158][  0]LogConfig: Applying CVar settings from Section [PostProcessQuality@3] File [G:/UE4_data/Projects/MMA_project/Saved/Config/Windows/Scalability.ini]
[2021.11.17-21.12.32:158][  0]LogConfig: Setting CVar [[r.MotionBlurQuality:4]]
[2021.11.17-21.12.32:158][  0]LogConfig: Setting CVar [[r.AmbientOcclusionMipLevelFactor:0.4]]
[2021.11.17-21.12.32:158][  0]LogConfig: Setting CVar [[r.AmbientOcclusionMaxQuality:100]]
[2021.11.17-21.12.32:158][  0]LogConfig: Setting CVar [[r.AmbientOcclusionLevels:-1]]
[2021.11.17-21.12.32:158][  0]LogConfig: Setting CVar [[r.AmbientOcclusionRadiusScale:1.0]]
[2021.11.17-21.12.32:158][  0]LogConfig: Setting CVar [[r.DepthOfFieldQuality:2]]
[2021.11.17-21.12.32:158][  0]LogConfig: Setting CVar [[r.RenderTargetPoolMin:400]]
[2021.11.17-21.12.32:158][  0]LogConfig: Setting CVar [[r.LensFlareQuality:2]]
[2021.11.17-21.12.32:158][  0]LogConfig: Setting CVar [[r.SceneColorFringeQuality:1]]
[2021.11.17-21.12.32:158][  0]LogConfig: Setting CVar [[r.EyeAdaptationQuality:2]]
[2021.11.17-21.12.32:158][  0]LogConfig: Setting CVar [[r.BloomQuality:5]]
[2021.11.17-21.12.32:158][  0]LogConfig: Setting CVar [[r.FastBlurThreshold:100]]
[2021.11.17-21.12.32:158][  0]LogConfig: Setting CVar [[r.Upscale.Quality:3]]
[2021.11.17-21.12.32:158][  0]LogConfig: Setting CVar [[r.Tonemapper.GrainQuantization:1]]
[2021.11.17-21.12.32:158][  0]LogConfig: Setting CVar [[r.LightShaftQuality:1]]
[2021.11.17-21.12.32:158][  0]LogConfig: Setting CVar [[r.Filter.SizeScale:1]]
[2021.11.17-21.12.32:158][  0]LogConfig: Setting CVar [[r.Tonemapper.Quality:5]]
[2021.11.17-21.12.32:159][  0]LogConfig: Setting CVar [[r.DOF.Gather.AccumulatorQuality:1        ; higher gathering accumulator quality]]
[2021.11.17-21.12.32:159][  0]LogConfig: Setting CVar [[r.DOF.Gather.PostfilterMethod:1          ; Median3x3 postfilering method]]
[2021.11.17-21.12.32:159][  0]LogConfig: Setting CVar [[r.DOF.Gather.EnableBokehSettings:0       ; no bokeh simulation when gathering]]
[2021.11.17-21.12.32:159][  0]LogConfig: Setting CVar [[r.DOF.Gather.RingCount:4                 ; medium number of samples when gathering]]
[2021.11.17-21.12.32:159][  0]LogConfig: Setting CVar [[r.DOF.Scatter.ForegroundCompositing:1    ; additive foreground scattering]]
[2021.11.17-21.12.32:159][  0]LogConfig: Setting CVar [[r.DOF.Scatter.BackgroundCompositing:2    ; additive background scattering]]
[2021.11.17-21.12.32:159][  0]LogConfig: Setting CVar [[r.DOF.Scatter.EnableBokehSettings:1      ; bokeh simulation when scattering]]
[2021.11.17-21.12.32:159][  0]LogConfig: Setting CVar [[r.DOF.Scatter.MaxSpriteRatio:0.1         ; only a maximum of 10% of scattered bokeh]]
[2021.11.17-21.12.32:159][  0]LogConfig: Setting CVar [[r.DOF.Recombine.Quality:1                ; cheap slight out of focus]]
[2021.11.17-21.12.32:159][  0]LogConfig: Setting CVar [[r.DOF.Recombine.EnableBokehSettings:0    ; no bokeh simulation on slight out of focus]]
[2021.11.17-21.12.32:159][  0]LogConfig: Setting CVar [[r.DOF.TemporalAAQuality:1                ; more stable temporal accumulation]]
[2021.11.17-21.12.32:159][  0]LogConfig: Setting CVar [[r.DOF.Kernel.MaxForegroundRadius:0.025]]
[2021.11.17-21.12.32:159][  0]LogConfig: Setting CVar [[r.DOF.Kernel.MaxBackgroundRadius:0.025]]
[2021.11.17-21.12.32:159][  0]LogConfig: Applying CVar settings from Section [TextureQuality@3] File [G:/UE4_data/Projects/MMA_project/Saved/Config/Windows/Scalability.ini]
[2021.11.17-21.12.32:159][  0]LogConfig: Setting CVar [[r.Streaming.MipBias:0]]
[2021.11.17-21.12.32:159][  0]LogConfig: Setting CVar [[r.Streaming.AmortizeCPUToGPUCopy:0]]
[2021.11.17-21.12.32:159][  0]LogConfig: Setting CVar [[r.Streaming.MaxNumTexturesToStreamPerFrame:0]]
[2021.11.17-21.12.32:160][  0]LogConfig: Setting CVar [[r.Streaming.Boost:1]]
[2021.11.17-21.12.32:160][  0]LogConfig: Setting CVar [[r.MaxAnisotropy:8]]
[2021.11.17-21.12.32:160][  0]LogConfig: Setting CVar [[r.VT.MaxAnisotropy:8]]
[2021.11.17-21.12.32:160][  0]LogConfig: Setting CVar [[r.Streaming.LimitPoolSizeToVRAM:0]]
[2021.11.17-21.12.32:160][  0]LogConfig: Setting CVar [[r.Streaming.PoolSize:1000]]
[2021.11.17-21.12.32:160][  0]LogConfig: Setting CVar [[r.Streaming.MaxEffectiveScreenSize:0]]
[2021.11.17-21.12.32:160][  0]LogConfig: Applying CVar settings from Section [EffectsQuality@3] File [G:/UE4_data/Projects/MMA_project/Saved/Config/Windows/Scalability.ini]
[2021.11.17-21.12.32:160][  0]LogConfig: Setting CVar [[r.TranslucencyLightingVolumeDim:64]]
[2021.11.17-21.12.32:160][  0]LogConfig: Setting CVar [[r.RefractionQuality:2]]
[2021.11.17-21.12.32:160][  0]LogConfig: Setting CVar [[r.SSR.Quality:3]]
[2021.11.17-21.12.32:160][  0]LogConfig: Setting CVar [[r.SSR.HalfResSceneColor:0]]
[2021.11.17-21.12.32:160][  0]LogConfig: Setting CVar [[r.SceneColorFormat:4]]
[2021.11.17-21.12.32:160][  0]LogConfig: Setting CVar [[r.DetailMode:2]]
[2021.11.17-21.12.32:160][  0]LogConfig: Setting CVar [[r.TranslucencyVolumeBlur:1]]
[2021.11.17-21.12.32:160][  0]LogConfig: Setting CVar [[r.MaterialQualityLevel:1 ; High quality]]
[2021.11.17-21.12.32:160][  0]LogConfig: Setting CVar [[r.AnisotropicMaterials:1]]
[2021.11.17-21.12.32:160][  0]LogConfig: Setting CVar [[r.SSS.Scale:1]]
[2021.11.17-21.12.32:160][  0]LogConfig: Setting CVar [[r.SSS.SampleSet:2]]
[2021.11.17-21.12.32:160][  0]LogConfig: Setting CVar [[r.SSS.Quality:1]]
[2021.11.17-21.12.32:160][  0]LogConfig: Setting CVar [[r.SSS.HalfRes:0]]
[2021.11.17-21.12.32:160][  0]LogConfig: Setting CVar [[r.SSGI.Quality:3]]
[2021.11.17-21.12.32:160][  0]LogConfig: Setting CVar [[r.EmitterSpawnRateScale:1.0]]
[2021.11.17-21.12.32:160][  0]LogConfig: Setting CVar [[r.ParticleLightQuality:2]]
[2021.11.17-21.12.32:161][  0]LogConfig: Setting CVar [[r.SkyAtmosphere.AerialPerspectiveLUT.FastApplyOnOpaque:1 ; Always have FastSkyLUT 1 in this case to avoid wrong sky]]
[2021.11.17-21.12.32:161][  0]LogConfig: Setting CVar [[r.SkyAtmosphere.AerialPerspectiveLUT.SampleCountMaxPerSlice:4]]
[2021.11.17-21.12.32:161][  0]LogConfig: Setting CVar [[r.SkyAtmosphere.AerialPerspectiveLUT.DepthResolution:16.0]]
[2021.11.17-21.12.32:161][  0]LogConfig: Setting CVar [[r.SkyAtmosphere.FastSkyLUT:1]]
[2021.11.17-21.12.32:161][  0]LogConfig: Setting CVar [[r.SkyAtmosphere.FastSkyLUT.SampleCountMin:4.0]]
[2021.11.17-21.12.32:161][  0]LogConfig: Setting CVar [[r.SkyAtmosphere.FastSkyLUT.SampleCountMax:128.0]]
[2021.11.17-21.12.32:161][  0]LogConfig: Setting CVar [[r.SkyAtmosphere.SampleCountMin:4.0]]
[2021.11.17-21.12.32:161][  0]LogConfig: Setting CVar [[r.SkyAtmosphere.SampleCountMax:128.0]]
[2021.11.17-21.12.32:161][  0]LogConfig: Setting CVar [[r.SkyAtmosphere.TransmittanceLUT.UseSmallFormat:0]]
[2021.11.17-21.12.32:161][  0]LogConfig: Setting CVar [[r.SkyAtmosphere.TransmittanceLUT.SampleCount:10.0]]
[2021.11.17-21.12.32:161][  0]LogConfig: Setting CVar [[r.SkyAtmosphere.MultiScatteringLUT.SampleCount:15.0]]
[2021.11.17-21.12.32:161][  0]LogConfig: Setting CVar [[r.SkyLight.RealTimeReflectionCapture:1]]
[2021.11.17-21.12.32:161][  0]LogConfig: Applying CVar settings from Section [FoliageQuality@3] File [G:/UE4_data/Projects/MMA_project/Saved/Config/Windows/Scalability.ini]
[2021.11.17-21.12.32:161][  0]LogConfig: Setting CVar [[foliage.DensityScale:1.0]]
[2021.11.17-21.12.32:161][  0]LogConfig: Setting CVar [[grass.DensityScale:1.0]]
[2021.11.17-21.12.32:161][  0]LogConfig: Applying CVar settings from Section [ShadingQuality@3] File [G:/UE4_data/Projects/MMA_project/Saved/Config/Windows/Scalability.ini]
[2021.11.17-21.12.32:161][  0]LogConfig: Setting CVar [[r.HairStrands.SkyLighting.IntegrationType:2]]
[2021.11.17-21.12.32:161][  0]LogConfig: Setting CVar [[r.HairStrands.SkyAO.SampleCount:4]]
[2021.11.17-21.12.32:161][  0]LogConfig: Setting CVar [[r.HairStrands.Visibility.MSAA.SamplePerPixel:4]]
[2021.11.17-21.12.32:162][  0]LogConfig: Applying CVar settings from Section [Startup] File [../../../Engine/Config/ConsoleVariables.ini]
[2021.11.17-21.12.32:162][  0]LogConfig: Setting CVar [[net.UseAdaptiveNetUpdateFrequency:0]]
[2021.11.17-21.12.32:162][  0]LogConfig: Setting CVar [[p.chaos.AllowCreatePhysxBodies:1]]
[2021.11.17-21.12.32:162][  0]LogConfig: Setting CVar [[fx.SkipVectorVMBackendOptimizations:1]]
[2021.11.17-21.12.32:162][  0]LogConfig: Applying CVar settings from Section [ConsoleVariables] File [G:/UE4_data/Projects/MMA_project/Saved/Config/Windows/Engine.ini]
[2021.11.17-21.12.32:162][  0]LogConfig: Applying CVar settings from Section [ConsoleVariables] File [G:/UE4_data/Projects/MMA_project/Saved/Config/Windows/Editor.ini]
[2021.11.17-21.12.32:162][  0]LogInit: Computer: DESKTOP-3DJV395
[2021.11.17-21.12.32:162][  0]LogInit: User: Kolja
[2021.11.17-21.12.32:162][  0]LogInit: CPU Page size=4096, Cores=4
[2021.11.17-21.12.32:162][  0]LogInit: High frequency timer resolution =10.000000 MHz
[2021.11.17-21.12.32:162][  0]LogMemory: Memory total: Physical=7.9GB (8GB approx)
[2021.11.17-21.12.32:162][  0]LogMemory: Platform Memory Stats for Windows
[2021.11.17-21.12.32:162][  0]LogMemory: Process Physical Memory: 139.28 MB used, 139.29 MB peak
[2021.11.17-21.12.32:163][  0]LogMemory: Process Virtual Memory: 113.42 MB used, 113.42 MB peak
[2021.11.17-21.12.32:163][  0]LogMemory: Physical Memory: 5951.23 MB used,  2122.06 MB free, 8073.29 MB total
[2021.11.17-21.12.32:163][  0]LogMemory: Virtual Memory: 134213240.00 MB used,  4489.13 MB free, 134217728.00 MB total
[2021.11.17-21.12.32:180][  0]LogWindows: WindowsPlatformFeatures enabled
[2021.11.17-21.12.32:440][  0]LogInit: Physics initialised using underlying interface: PhysX
[2021.11.17-21.12.32:442][  0]LogInit: Using OS detected language (en-US).
[2021.11.17-21.12.32:442][  0]LogInit: Using OS detected locale (en-US).
[2021.11.17-21.12.32:458][  0]LogTextLocalizationManager: No specific localization for 'en-US' exists, so the 'en' localization will be used.
[2021.11.17-21.12.32:812][  0]LogInit: Setting process to per monitor DPI aware
[2021.11.17-21.12.32:885][  0]LogWindowsTextInputMethodSystem: Display: IME system deactivated.
[2021.11.17-21.12.32:910][  0]LogSlate: New Slate User Created.  User Index 0, Is Virtual User: 0
[2021.11.17-21.12.32:910][  0]LogSlate: Slate User Registered.  User Index 0, Is Virtual User: 0
[2021.11.17-21.12.33:277][  0]LogD3D11RHI: Loaded GFSDK_Aftermath_Lib.x64.dll
[2021.11.17-21.12.33:341][  0]LogHMD: Failed to initialize OpenVR with code 110
[2021.11.17-21.12.33:341][  0]LogD3D11RHI: D3D11 min allowed feature level: 11_0
[2021.11.17-21.12.33:341][  0]LogD3D11RHI: D3D11 max allowed feature level: 11_0
[2021.11.17-21.12.33:341][  0]LogD3D11RHI: D3D11 adapters:
[2021.11.17-21.12.33:471][  0]LogD3D11RHI:    0. 'NVIDIA GeForce GTX 950M' (Feature Level 11_0)
[2021.11.17-21.12.33:471][  0]LogD3D11RHI:       2010/0/4036 MB DedicatedVideo/DedicatedSystem/SharedSystem, Outputs:1, VendorId:0x10de
[2021.11.17-21.12.33:530][  0]LogD3D11RHI:    1. 'Intel(R) HD Graphics 630' (Feature Level 11_0)
[2021.11.17-21.12.33:530][  0]LogD3D11RHI:       128/0/4036 MB DedicatedVideo/DedicatedSystem/SharedSystem, Outputs:0, VendorId:0x8086
[2021.11.17-21.12.33:543][  0]LogD3D11RHI:    2. 'Microsoft Basic Render Driver' (Feature Level 11_0)
[2021.11.17-21.12.33:543][  0]LogD3D11RHI:       0/0/4036 MB DedicatedVideo/DedicatedSystem/SharedSystem, Outputs:0, VendorId:0x1414
[2021.11.17-21.12.33:544][  0]LogD3D11RHI: Chosen D3D11 Adapter: 0
[2021.11.17-21.12.33:553][  0]LogD3D11RHI: Creating new Direct3DDevice
[2021.11.17-21.12.33:554][  0]LogD3D11RHI:     GPU DeviceId: 0x139a (for the marketing name, search the web for "GPU Device Id")
[2021.11.17-21.12.33:554][  0]LogWindows: EnumDisplayDevices:
[2021.11.17-21.12.33:554][  0]LogWindows:    0. 'Intel(R) HD Graphics 630' (P:1 D:1)
[2021.11.17-21.12.33:554][  0]LogWindows:    1. 'Intel(R) HD Graphics 630' (P:0 D:0)
[2021.11.17-21.12.33:555][  0]LogWindows:    2. 'Intel(R) HD Graphics 630' (P:0 D:0)
[2021.11.17-21.12.33:555][  0]LogWindows: DebugString: PrimaryIsNotTheChoosenAdapter PrimaryIsNotTheChoosenAdapter PrimaryIsNotTheChoosenAdapter FoundDriverCount:0 
[2021.11.17-21.12.33:555][  0]LogD3D11RHI:     Adapter Name: NVIDIA GeForce GTX 950M
[2021.11.17-21.12.33:555][  0]LogD3D11RHI:   Driver Version: Unknown (internal:Unknown, unified:Unknown)
[2021.11.17-21.12.33:555][  0]LogD3D11RHI:      Driver Date: Unknown
[2021.11.17-21.12.33:555][  0]LogRHI: Texture pool is 1407 MB (70% of 2010 MB)
[2021.11.17-21.12.33:631][  0]LogD3D11RHI: RHI has support for 64 bit atomics
[2021.11.17-21.12.33:631][  0]LogD3D11RHI: Async texture creation enabled
[2021.11.17-21.12.33:649][  0]LogD3D11RHI: GPU Timing Frequency: 1000.000000 (Debug: 2 1)
[2021.11.17-21.12.33:725][  0]LogRHI: GeForceNow SDK initialized: 1
[2021.11.17-21.12.34:108][  0]LogTargetPlatformManager: Display: Loaded TargetPlatform 'AllDesktop'
[2021.11.17-21.12.34:139][  0]LogTargetPlatformManager: Display: Loaded TargetPlatform 'Android'
[2021.11.17-21.12.34:139][  0]LogTargetPlatformManager: Display: Loaded TargetPlatform 'Android_ASTC'
[2021.11.17-21.12.34:139][  0]LogTargetPlatformManager: Display: Loaded TargetPlatform 'Android_DXT'
[2021.11.17-21.12.34:139][  0]LogTargetPlatformManager: Display: Loaded TargetPlatform 'Android_ETC2'
[2021.11.17-21.12.34:139][  0]LogTargetPlatformManager: Display: Loaded TargetPlatform 'AndroidClient'
[2021.11.17-21.12.34:139][  0]LogTargetPlatformManager: Display: Loaded TargetPlatform 'Android_ASTCClient'
[2021.11.17-21.12.34:139][  0]LogTargetPlatformManager: Display: Loaded TargetPlatform 'Android_DXTClient'
[2021.11.17-21.12.34:139][  0]LogTargetPlatformManager: Display: Loaded TargetPlatform 'Android_ETC2Client'
[2021.11.17-21.12.34:140][  0]LogTargetPlatformManager: Display: Loaded TargetPlatform 'Android_Multi'
[2021.11.17-21.12.34:140][  0]LogTargetPlatformManager: Display: Loaded TargetPlatform 'Android_MultiClient'
[2021.11.17-21.12.34:178][  0]LogTargetPlatformManager: Display: Loaded TargetPlatform 'IOSClient'
[2021.11.17-21.12.34:179][  0]LogTargetPlatformManager: Display: Loaded TargetPlatform 'IOS'
[2021.11.17-21.12.34:198][  0]LogTargetPlatformManager: Display: Loaded TargetPlatform 'Linux'
[2021.11.17-21.12.34:207][  0]LogTargetPlatformManager: Display: Loaded TargetPlatform 'LinuxNoEditor'
[2021.11.17-21.12.34:217][  0]LogTargetPlatformManager: Display: Loaded TargetPlatform 'LinuxClient'
[2021.11.17-21.12.34:227][  0]LogTargetPlatformManager: Display: Loaded TargetPlatform 'LinuxServer'
[2021.11.17-21.12.34:243][  0]LogTargetPlatformManager: Display: Loaded TargetPlatform 'LinuxAArch64NoEditor'
[2021.11.17-21.12.34:252][  0]LogTargetPlatformManager: Display: Loaded TargetPlatform 'LinuxAArch64Client'
[2021.11.17-21.12.34:261][  0]LogTargetPlatformManager: Display: Loaded TargetPlatform 'LinuxAArch64Server'
[2021.11.17-21.12.34:294][  0]LogTargetPlatformManager: Display: Loaded TargetPlatform 'Lumin'
[2021.11.17-21.12.34:294][  0]LogTargetPlatformManager: Display: Loaded TargetPlatform 'LuminClient'
[2021.11.17-21.12.34:308][  0]LogTargetPlatformManager: Display: Loaded TargetPlatform 'MacNoEditor'
[2021.11.17-21.12.34:320][  0]LogTargetPlatformManager: Display: Loaded TargetPlatform 'Mac'
[2021.11.17-21.12.34:328][  0]LogTargetPlatformManager: Display: Loaded TargetPlatform 'MacClient'
[2021.11.17-21.12.34:337][  0]LogTargetPlatformManager: Display: Loaded TargetPlatform 'MacServer'
[2021.11.17-21.12.34:354][  0]LogTargetPlatformManager: Display: Loaded TargetPlatform 'TVOSClient'
[2021.11.17-21.12.34:354][  0]LogTargetPlatformManager: Display: Loaded TargetPlatform 'TVOS'
[2021.11.17-21.12.34:369][  0]LogTargetPlatformManager: Display: Loaded TargetPlatform 'WindowsNoEditor'
[2021.11.17-21.12.34:378][  0]LogTargetPlatformManager: Display: Loaded TargetPlatform 'Windows'
[2021.11.17-21.12.34:389][  0]LogTargetPlatformManager: Display: Loaded TargetPlatform 'WindowsClient'
[2021.11.17-21.12.34:402][  0]LogTargetPlatformManager: Display: Loaded TargetPlatform 'WindowsServer'
[2021.11.17-21.12.34:402][  0]LogTargetPlatformManager: Display: Building Assets For Windows
[2021.11.17-21.12.34:431][  0]LogAudioDebug: Display: Lib vorbis DLL was dynamically loaded.
[2021.11.17-21.12.34:525][  0]LogTextureFormatOodle: Display: Oodle Texture 2.9.0 init RDO Off
[2021.11.17-21.12.34:648][  0]LogRendererCore: Ray tracing is disabled. Reason: r.RayTracing=0.
[2021.11.17-21.12.34:648][  0]LogShaderCompilers: Guid format shader working directory is 13 characters bigger than the processId version (G:/UE4_data/Projects/MMA_project/Intermediate/Shaders/WorkingDirectory/23092/).
[2021.11.17-21.12.34:648][  0]LogShaderCompilers: Cleaned the shader compiler working directory 'C:/Users/Kolja/AppData/Local/Temp/UnrealShaderWorkingDir/265CE6274C18354CF4FD14ACEDF68B41/'.
[2021.11.17-21.12.34:648][  0]LogXGEController: Cannot use XGE Controller as Incredibuild is not installed on this machine.
[2021.11.17-21.12.34:648][  0]LogShaderCompilers: Cannot use XGE Shader Compiler as Incredibuild is not installed on this machine.
[2021.11.17-21.12.34:649][  0]LogShaderCompilers: Display: Using Local Shader Compiler.
[2021.11.17-21.12.35:826][  0]LogDerivedDataCache: Display: Max Cache Size: 512 MB
[2021.11.17-21.12.36:060][  0]LogDerivedDataCache: Loaded boot cache 0.23s 95MB C:/Users/Kolja/AppData/Local/UnrealEngine/4.27/DerivedDataCache/Boot.ddc.
[2021.11.17-21.12.36:060][  0]LogDerivedDataCache: Display: Loaded Boot cache: C:/Users/Kolja/AppData/Local/UnrealEngine/4.27/DerivedDataCache/Boot.ddc
[2021.11.17-21.12.36:060][  0]LogDerivedDataCache: FDerivedDataBackendGraph:  Pak pak cache file G:/UE4_data/Projects/MMA_project/DerivedDataCache/DDC.ddp not found, will not use a pak cache.
[2021.11.17-21.12.36:060][  0]LogDerivedDataCache: Unable to find inner node Pak for hierarchical cache Hierarchy.
[2021.11.17-21.12.36:060][  0]LogDerivedDataCache: FDerivedDataBackendGraph:  CompressedPak pak cache file G:/UE4_data/Projects/MMA_project/DerivedDataCache/Compressed.ddp not found, will not use a pak cache.
[2021.11.17-21.12.36:060][  0]LogDerivedDataCache: Unable to find inner node CompressedPak for hierarchical cache Hierarchy.
[2021.11.17-21.12.36:083][  0]LogDerivedDataCache: Display: Pak cache opened for reading ../../../Engine/DerivedDataCache/Compressed.ddp.
[2021.11.17-21.12.36:084][  0]LogDerivedDataCache: FDerivedDataBackendGraph:  EnterprisePak pak cache file ../../../Enterprise/DerivedDataCache/Compressed.ddp not found, will not use a pak cache.
[2021.11.17-21.12.36:084][  0]LogDerivedDataCache: Unable to find inner node EnterprisePak for hierarchical cache Hierarchy.
[2021.11.17-21.12.36:101][  0]LogDerivedDataCache: Speed tests for C:/Users/Kolja/AppData/Local/UnrealEngine/Common/DerivedDataCache took 0.02 seconds
[2021.11.17-21.12.36:101][  0]LogDerivedDataCache: Display: Performance to C:/Users/Kolja/AppData/Local/UnrealEngine/Common/DerivedDataCache: Latency=0.12ms. RandomReadSpeed=110.05MBs, RandomWriteSpeed=124.32MBs. Assigned SpeedClass 'Local'
[2021.11.17-21.12.36:104][  0]LogDerivedDataCache: Using Local data cache path C:/Users/Kolja/AppData/Local/UnrealEngine/Common/DerivedDataCache: Writable
[2021.11.17-21.12.36:105][  0]LogDerivedDataCache: Shared data cache path not found in *engine.ini, will not use an Shared cache.
[2021.11.17-21.12.36:105][  0]LogDerivedDataCache: Unable to find inner node Shared for hierarchical cache Hierarchy.
[2021.11.17-21.12.36:164][  0]LogSlate: Using FreeType 2.10.0
[2021.11.17-21.12.36:165][  0]LogSlate: SlateFontServices - WITH_FREETYPE: 1, WITH_HARFBUZZ: 1
[2021.11.17-21.12.36:207][  0]LogAssetRegistry: FAssetRegistry took 0.0053 seconds to start up
[2021.11.17-21.12.36:509][  0]LogInit: Selected Device Profile: [Windows]
[2021.11.17-21.12.36:509][  0]LogInit: Active device profile: [000001D803682B00][000001D8787F50C0 49] Windows
[2021.11.17-21.12.36:510][  0]LogInit: Profiles: [000001D803682B00][000001D8787F50C0 49] Windows, [000001D803615D00][000001D8787FD240 49] WindowsNoEditor, [000001D803683700][000001D8788013C0 49] WindowsServer, [000001D803615100][000001D878805540 49] WindowsClient, [000001D803681600][000001D8788096C0 49] IOS, [000001D803616F00][000001D8027A7840 49] iPadAir, [000001D803681100][000001D8027AB9C0 49] iPadAir2, [000001D8035D1400][000001D8027B2100 49] IPadPro, [000001D8035D1500][000001D8027AE140 49] iPadAir3, [000001D803616300][000001D8027B62C0 49] iPadAir4, [000001D8035D2400][000001D8027BA440 49] iPadMini2, [000001D803614300][000001D8027BE5C0 49] iPadMini3, [000001D8035D0B00][000001D8027C2740 49] iPadMini4, [000001D803616800][000001D8787F8880 49] iPadMini5, [000001D8035D9000][000001D8027CAAC0 49] iPhone6, [000001D8035D9100][000001D8027C6B00 49] iPodTouch6, [000001D803681900][000001D8027D6DC0 49] iPhone7, [000001D803681800][000001D8027D2E00 49] iPodTouch7, [000001D8035D3B00][000001D8027DAF80 49] iPhone5S, [000001D803680200][000001D8027DF100 49] iPhone6Plus, [000001D8035D1800][000001D8027E3280 49] iPhone6S, [000001D8035D8100][000001D8027E7400 49] iPhone6SPlus, [000001D803682300][000001D8027EB580 49] iPhone7Plus, [000001D8035DB200][000001D8027EF700 49] iPhoneSE, [000001D803683900][000001D8027F3880 49] iPhone8, [000001D8035D3C00][000001D8027F7A00 49] iPhone8Plus, [000001D8035D9C00][000001D8027FBB80 49] iPhoneX, [000001D8035D2200][000001D8027FE180 49] iPhoneXS, [000001D8035DA900][000001D802802300 49] iPhoneXSMax, [000001D8035D0400][000001D802806480 49] iPhoneXR, [000001D8035D8B00][000001D80280A600 49] iPhone11, [000001D8035D0700][000001D803820780 49] iPhone11Pro, [000001D8035DAF00][000001D80385C900 49] iPhone11ProMax, [000001D8035D3F00][000001D8027CEA40 49] iPhoneSE2, [000001D8035DB700][000001D8038A8B80 49] iPhone12Mini, [000001D803680100][000001D803960CC0 49] iPhone12, [000001D8035DA500][000001D803968E40 49] iPhone12Pro, [000001D803680600][000001D80396CFC0 49] iPhone12ProMax, [000001D8035DAC00][000001D803971140 49] iPadPro105, [000001D803682000][000001D8039752C0 49] iPadPro129, [000001D8035DAB00][000001D803979440 49] iPadPro97, [000001D803683500][000001D80397D5C0 49] iPadPro2_129, [000001D8035D9500][000001D803981740 49] iPad5, [000001D803680F00][000001D8039858C0 49] iPad6, [000001D8035DB100][000001D803989A40 49] iPad7, [000001D803683800][000001D80398DBC0 49] iPad8, [000001D8035D9300][000001D8039901C0 49] iPadPro11, [000001D803683300][000001D803994340 49] iPadPro2_11, [000001D8035DBF00][000001D8039984C0 49] iPadPro3_129, [000001D803682600][000001D80399C640 49] iPadPro4_129, [000001D8035DA800][000001D8039A07C0 49] AppleTV, [000001D803681300][000001D8039A4940 49] AppleTV4K, [000001D8035DAD00][000001D8039A8AC0 49] TVOS, [000001D803682900][000001D803964C00 49] Mac, [000001D8035DA400][000001D8039ACD40 49] MacClient, [000001D803682F00][000001D8039B0E80 49] MacNoEditor, [000001D8035DB900][000001D8039B4FC0 49] MacServer, [000001D803680500][000001D8039BD140 49] Linux, [000001D8035DB800][000001D8039C12C0 49] LinuxAArch64, [000001D803680B00][000001D8039C5440 49] LinuxNoEditor, [000001D8035D8E00][000001D8039C95C0 49] LinuxAArch64NoEditor, [000001D803682700][000001D8039CD740 49] LinuxClient, [000001D8035DB000][000001D8039D18C0 49] LinuxAArch64Client, [000001D803681400][000001D8039D5A40 49] LinuxServer, [000001D8035D8D00][000001D8039D9BC0 49] LinuxAArch64Server, [000001D803681200][000001D8039DC1C0 49] Android, [000001D8035D9200][000001D8039E0340 49] Android_Low, [000001D803681E00][000001D8039E44C0 49] Android_Mid, [000001D8035DA000][000001D8039E8640 49] Android_High, [000001D803683000][000001D8039EC7C0 49] Android_Default, [000001D8035D8600][000001D8039F0940 49] Android_Adreno4xx, [000001D803682800][000001D8039F4AC0 49] Android_Adreno5xx_Low, [000001D8035D9800][000001D8039F8C40 49] Android_Adreno5xx, [000001D803680300][000001D8039B8D80 49] Android_Adreno6xx, [000001D8035D8F00][000001D8039FCEC0 49] Android_Adreno6xx_Vulkan, [000001D803680E00][000001D803A01000 49] Android_Mali_T6xx, [000001D8035D9F00][000001D803A05140 49] Android_Mali_T7xx, [000001D803681A00][000001D803A0D2C0 49] Android_Mali_T8xx, [000001D803614900][000001D803A11440 49] Android_Mali_G71, [000001D8035D3200][000001D803A155C0 49] Android_Mali_G72, [000001D803614700][000001D803A19740 49] Android_Mali_G72_Vulkan, [000001D8035D1B00][000001D803A1D8C0 49] Android_Mali_G76, [000001D803614500][000001D803A21A40 49] Android_Mali_G76_Vulkan, [000001D8035D3400][000001D803A25BC0 49] Android_Mali_G77, [000001D803615600][000001D803A281C0 49] Android_Mali_G77_Vulkan, [000001D8035D2800][000001D803A2C340 49] Android_Mali_G78, [000001D803614D00][000001D803A304C0 49] Android_Mali_G78_Vulkan, [000001D8035D3100][000001D803A34640 49] Android_Mali_G710, [000001D803617E00][000001D803A387C0 49] Android_Mali_G710_Vulkan, [000001D8035D2500][000001D803A3C940 49] Android_Vulkan_SM5, [000001D803615500][000001D803A40AC0 49] Android_PowerVR_G6xxx, [000001D8035D3E00][000001D803A44C40 49] Android_PowerVR_GT7xxx, [000001D803615200][000001D803A48DC0 49] Android_PowerVR_GE8xxx, [000001D8035D2700][000001D803A4CF40 49] Android_PowerVR_GM9xxx, [000001D803614100][000001D803A09080 49] Android_PowerVR_GM9xxx_Vulkan, [000001D8035D0900][000001D803A511C0 49] Android_TegraK1, [000001D803614400][000001D803A55300 49] Android_Unknown_Vulkan, [000001D8035D3A00][000001D803A5D480 49] Lumin, [000001D803617900][000001D803A61600 49] Lumin_Desktop, [000001D8035D0200][000001D803A65780 49] HoloLens, 
[2021.11.17-21.12.36:739][  0]LogMeshReduction: Using QuadricMeshReduction for automatic static mesh reduction
[2021.11.17-21.12.36:739][  0]LogMeshReduction: Using SimplygonMeshReduction for automatic skeletal mesh reduction
[2021.11.17-21.12.36:739][  0]LogMeshReduction: Using ProxyLODMeshReduction for automatic mesh merging
[2021.11.17-21.12.36:739][  0]LogMeshReduction: No distributed automatic mesh merging module available
[2021.11.17-21.12.36:739][  0]LogMeshMerging: No distributed automatic mesh merging module available
[2021.11.17-21.12.36:767][  0]LogNetVersion: MMA_project 1.0.0, NetCL: 17155196, EngineNetVer: 17, GameNetVer: 0 (Checksum: 2065806693)
[2021.11.17-21.12.37:527][  0]LogTexture: Default maximum texture size for cubemaps generated from long-lat sources has been changed from 512 to unlimited. In order to preserve old behaiour for '/Engine/MapTemplates/Sky/DaylightAmbientCubemap.DaylightAmbientCubemap', its maximum texture size has been explicitly set to 512.
[2021.11.17-21.12.37:612][  0]LogHMD: PokeAHoleMaterial loaded successfully
[2021.11.17-21.12.37:619][  0]LogUObjectArray: 17178 objects as part of root set at end of initial load.
[2021.11.17-21.12.37:619][  0]LogUObjectAllocator: 4301856 out of 0 bytes used by permanent object pool.
[2021.11.17-21.12.37:619][  0]LogUObjectArray: CloseDisregardForGC: 0/0 objects in disregard for GC pool
[2021.11.17-21.12.38:208][  0]LogNiagaraDebuggerClient: Niagara Debugger Client Initialized | Session: 0F4F7D0241BD0099D0C5F4A49E4F464B | Instance: 064D52E6400F2DE47C124FBFD3F42CBE (DESKTOP-3DJV395-23092).
[2021.11.17-21.12.38:247][  0]LogStreaming: Warning: Failed to read file '../../../Engine/Content/Editor/Slate/Niagara/MenuSeparator.png' error.
[2021.11.17-21.12.38:247][  0]LogSlate: Could not find file for Slate resource: ../../../Engine/Content/Editor/Slate/Niagara/MenuSeparator.png
[2021.11.17-21.12.38:456][  0]LogStreaming: Warning: Failed to read file '../../../Engine/Content/Editor/Slate/Niagara/Common/Selector.png' error.
[2021.11.17-21.12.38:456][  0]LogSlate: Could not find file for Slate resource: ../../../Engine/Content/Editor/Slate/Niagara/Common/Selector.png
[2021.11.17-21.12.38:457][  0]LogStreaming: Warning: Failed to read file '../../../Engine/Content/Editor/Slate/Niagara/Common/Selection.png' error.
[2021.11.17-21.12.38:457][  0]LogSlate: Could not find file for Slate resource: ../../../Engine/Content/Editor/Slate/Niagara/Common/Selection.png
[2021.11.17-21.12.38:457][  0]LogStreaming: Warning: Failed to read file '../../../Engine/Content/Editor/Slate/Niagara/Common/DropZoneIndicator_Above.png' error.
[2021.11.17-21.12.38:457][  0]LogSlate: Could not find file for Slate resource: ../../../Engine/Content/Editor/Slate/Niagara/Common/DropZoneIndicator_Above.png
[2021.11.17-21.12.38:457][  0]LogStreaming: Warning: Failed to read file '../../../Engine/Content/Editor/Slate/Niagara/Common/DropZoneIndicator_Onto.png' error.
[2021.11.17-21.12.38:457][  0]LogSlate: Could not find file for Slate resource: ../../../Engine/Content/Editor/Slate/Niagara/Common/DropZoneIndicator_Onto.png
[2021.11.17-21.12.38:457][  0]LogStreaming: Warning: Failed to read file '../../../Engine/Content/Editor/Slate/Niagara/Common/DropZoneIndicator_Below.png' error.
[2021.11.17-21.12.38:457][  0]LogSlate: Could not find file for Slate resource: ../../../Engine/Content/Editor/Slate/Niagara/Common/DropZoneIndicator_Below.png
[2021.11.17-21.12.38:457][  0]LogStreaming: Warning: Failed to read file '../../../Engine/Content/Editor/Slate/Niagara/Common/RoundedSelection_16x.png' error.
[2021.11.17-21.12.38:457][  0]LogSlate: Could not find file for Slate resource: ../../../Engine/Content/Editor/Slate/Niagara/Common/RoundedSelection_16x.png
[2021.11.17-21.12.38:457][  0]LogStreaming: Warning: Failed to read file '../../../Engine/Content/Editor/Slate/Niagara/Common/FlatButton.png' error.
[2021.11.17-21.12.38:457][  0]LogSlate: Could not find file for Slate resource: ../../../Engine/Content/Editor/Slate/Niagara/Common/FlatButton.png
[2021.11.17-21.12.38:457][  0]LogImageWrapper: Warning: PNG Warning: Duplicate iCCP chunk
[2021.11.17-21.12.38:457][  0]LogImageWrapper: Warning: PNG Warning: Duplicate iCCP chunk
[2021.11.17-21.12.38:457][  0]LogTcpMessaging: Initializing TcpMessaging bridge
[2021.11.17-21.12.38:471][  0]LogUdpMessaging: Initializing bridge on interface 0.0.0.0:0 to multicast group 230.0.0.1:6666.
[2021.11.17-21.12.38:590][  0]LogPython: Using Python 3.7.7
[2021.11.17-21.12.39:595][  0]SourceControl: Source control is disabled
[2021.11.17-21.12.39:595][  0]SourceControl: Source control is disabled
[2021.11.17-21.12.39:604][  0]SourceControl: Source control is disabled
[2021.11.17-21.12.39:611][  0]SourceControl: Source control is disabled
[2021.11.17-21.12.39:637][  0]SourceControl: Source control is disabled
[2021.11.17-21.12.39:652][  0]LogUProjectInfo: Found projects:
[2021.11.17-21.12.39:910][  0]LogAndroidPermission: UAndroidPermissionCallbackProxy::GetInstance
[2021.11.17-21.12.39:967][  0]LogAudioCaptureCore: Display: No Audio Capture implementations found. Audio input will be silent.
[2021.11.17-21.12.39:967][  0]LogAudioCaptureCore: Display: No Audio Capture implementations found. Audio input will be silent.
[2021.11.17-21.12.40:511][  0]LogOpenImageDenoise: OIDN starting up
[2021.11.17-21.12.40:530][  0]LogCollectionManager: Loaded 0 collections in 0.002387 seconds
[2021.11.17-21.12.40:576][  0]LogFileCache: Scanning file cache for directory 'G:/UE4_data/Projects/MMA_project/Saved/Collections/' took 0.00s
[2021.11.17-21.12.40:576][  0]LogFileCache: Scanning file cache for directory 'G:/UE4_data/Projects/MMA_project/Content/Developers/Kolja/Collections/' took 0.00s
[2021.11.17-21.12.40:576][  0]LogFileCache: Scanning file cache for directory 'G:/UE4_data/Projects/MMA_project/Content/Collections/' took 0.00s
[2021.11.17-21.12.40:576][  0]LogOcInput: OculusInput pre-init called
[2021.11.17-21.12.40:786][  0]LogStreaming: Warning: Failed to read file '../../../Engine/Content/Editor/Slate/Niagara/MenuSeparator.png' error.
[2021.11.17-21.12.40:786][  0]LogSlate: Could not find file for Slate resource: ../../../Engine/Content/Editor/Slate/Niagara/MenuSeparator.png
[2021.11.17-21.12.40:786][  0]LogImageWrapper: Warning: PNG Warning: Duplicate iCCP chunk
[2021.11.17-21.12.40:786][  0]LogStreaming: Warning: Failed to read file '../../../Engine/Content/Editor/Slate/Niagara/Common/Selector.png' error.
[2021.11.17-21.12.40:786][  0]LogSlate: Could not find file for Slate resource: ../../../Engine/Content/Editor/Slate/Niagara/Common/Selector.png
[2021.11.17-21.12.40:787][  0]LogImageWrapper: Warning: PNG Warning: Duplicate iCCP chunk
[2021.11.17-21.12.40:787][  0]LogStreaming: Warning: Failed to read file '../../../Engine/Content/Editor/Slate/Niagara/Common/Selection.png' error.
[2021.11.17-21.12.40:787][  0]LogSlate: Could not find file for Slate resource: ../../../Engine/Content/Editor/Slate/Niagara/Common/Selection.png
[2021.11.17-21.12.40:787][  0]LogStreaming: Warning: Failed to read file '../../../Engine/Content/Editor/Slate/Niagara/Common/DropZoneIndicator_Above.png' error.
[2021.11.17-21.12.40:787][  0]LogSlate: Could not find file for Slate resource: ../../../Engine/Content/Editor/Slate/Niagara/Common/DropZoneIndicator_Above.png
[2021.11.17-21.12.40:787][  0]LogStreaming: Warning: Failed to read file '../../../Engine/Content/Editor/Slate/Niagara/Common/DropZoneIndicator_Onto.png' error.
[2021.11.17-21.12.40:787][  0]LogSlate: Could not find file for Slate resource: ../../../Engine/Content/Editor/Slate/Niagara/Common/DropZoneIndicator_Onto.png
[2021.11.17-21.12.40:787][  0]LogStreaming: Warning: Failed to read file '../../../Engine/Content/Editor/Slate/Niagara/Common/DropZoneIndicator_Below.png' error.
[2021.11.17-21.12.40:787][  0]LogStreaming: Warning: Failed to read file '../../../Engine/Content/Editor/Slate/Niagara/Common/RoundedSelection_16x.png' error.
[2021.11.17-21.12.40:787][  0]LogSlate: Could not find file for Slate resource: ../../../Engine/Content/Editor/Slate/Niagara/Common/RoundedSelection_16x.png
[2021.11.17-21.12.40:787][  0]LogStreaming: Warning: Failed to read file '../../../Engine/Content/Editor/Slate/Niagara/Common/FlatButton.png' error.
[2021.11.17-21.12.40:787][  0]LogSlate: Could not find file for Slate resource: ../../../Engine/Content/Editor/Slate/Niagara/Common/FlatButton.png
[2021.11.17-21.12.40:787][  0]LogSlate: Could not find file for Slate resource: ../../../Engine/Content/Editor/Slate/Niagara/Common/DropZoneIndicator_Below.png
[2021.11.17-21.12.40:926][  0]LogEngine: Initializing Engine...
[2021.11.17-21.12.40:933][  0]LogHMD: Failed to enumerate extensions. Please check that you have a valid OpenXR runtime installed.
[2021.11.17-21.12.40:934][  0]LogHMD: Failed to initialize OpenVR with code 110
[2021.11.17-21.12.40:934][  0]LogMagicLeap: Warning: VR disabled because ZI is not enabled.  To enable, in the editor, Edit -> Project Settings -> Plugins -> Magic Leap Plugin -> Enable Zero Iteration
[2021.11.17-21.12.40:935][  0]LogStats: UGameplayTagsManager::InitializeManager -  0.000 s
[2021.11.17-21.12.41:104][  0]LogInit: Initializing FReadOnlyCVARCache
[2021.11.17-21.12.41:120][  0]LogAIModule: Creating AISystem for world Untitled
[2021.11.17-21.12.41:138][  0]LogAudio: Display: Initializing Audio Device Manager...
[2021.11.17-21.12.41:146][  0]LogAudio: Display: Loading Default Audio Settings Objects...
[2021.11.17-21.12.41:148][  0]LogAudio: Display: No default SoundConcurrencyObject specified (or failed to load).
[2021.11.17-21.12.41:149][  0]LogAudio: Display: Audio Device Manager Initialized
[2021.11.17-21.12.41:149][  0]LogAudio: Display: Creating Audio Device:                 Id: 1, Scope: Shared, Realtime: True
[2021.11.17-21.12.41:149][  0]LogAudioMixer: Display: Audio Mixer Platform Settings:
[2021.11.17-21.12.41:149][  0]LogAudioMixer: Display: 	Sample Rate:						  48000
[2021.11.17-21.12.41:149][  0]LogAudioMixer: Display: 	Callback Buffer Frame Size Requested: 1024
[2021.11.17-21.12.41:149][  0]LogAudioMixer: Display: 	Callback Buffer Frame Size To Use:	  1024
[2021.11.17-21.12.41:149][  0]LogAudioMixer: Display: 	Number of buffers to queue:			  2
[2021.11.17-21.12.41:149][  0]LogAudioMixer: Display: 	Max Channels (voices):				  32
[2021.11.17-21.12.41:149][  0]LogAudioMixer: Display: 	Number of Async Source Workers:		  0
[2021.11.17-21.12.41:149][  0]LogAudio: Display: AudioDevice MaxSources: 32
[2021.11.17-21.12.41:150][  0]LogAudio: Display: Audio Spatialization Plugin: None (built-in).
[2021.11.17-21.12.41:150][  0]LogAudio: Display: Audio Reverb Plugin: None (built-in).
[2021.11.17-21.12.41:150][  0]LogAudio: Display: Audio Occlusion Plugin: None (built-in).
[2021.11.17-21.12.41:150][  0]LogAudioMixer: Display: Initializing audio mixer.
[2021.11.17-21.12.41:208][  0]LogAudioMixer: Display: 0: FrontLeft
[2021.11.17-21.12.41:208][  0]LogAudioMixer: Display: 1: FrontRight
[2021.11.17-21.12.41:360][  0]LogAudioMixer: Display: Using Audio Device Динамики (Realtek High Definition Audio)
[2021.11.17-21.12.41:363][  0]LogAudioMixer: Display: Initializing Sound Submixes...
[2021.11.17-21.12.41:368][  0]LogAudioMixer: Display: Creating Master Submix 'MasterSubmixDefault'
[2021.11.17-21.12.41:368][  0]LogAudioMixer: Display: Creating Master Submix 'MasterReverbSubmixDefault'
[2021.11.17-21.12.41:369][  0]LogAudioMixer: Display: Creating Master Submix 'MasterEQSubmixDefault'
[2021.11.17-21.12.41:369][  0]LogAudioMixer: FMixerPlatformXAudio2::StartAudioStream() called
[2021.11.17-21.12.41:369][  0]LogAudioMixer: Display: Output buffers initialized: Frames=1024, Channels=2, Samples=2048
[2021.11.17-21.12.41:372][  0]LogAudioMixer: Display: Starting AudioMixerPlatformInterface::RunInternal()
[2021.11.17-21.12.41:372][  0]LogAudioMixer: Display: FMixerPlatformXAudio2::SubmitBuffer() called for the first time
[2021.11.17-21.12.41:372][  0]LogInit: FAudioDevice initialized.
[2021.11.17-21.12.41:372][  0]LogAudio: Display: Audio Device (ID: 1) registered with world 'Untitled'.
[2021.11.17-21.12.41:373][  0]LogNetVersion: Set ProjectVersion to 1.0.0.0. Version Checksum will be recalculated on next use.
[2021.11.17-21.12.41:471][  0]LogDerivedDataCache: Saved boot cache 0.10s 95MB C:/Users/Kolja/AppData/Local/UnrealEngine/4.27/DerivedDataCache/Boot.ddc.
[2021.11.17-21.12.41:472][  0]LogInit: Texture streaming: Enabled
[2021.11.17-21.12.41:502][  0]LogAnalytics: Display: [UEEditor.Rocket.Release] APIServer = https://datarouter.ol.epicgames.com/. AppVersion = 4.27.0-17155196+++UE4+Release-4.27
[2021.11.17-21.12.41:511][  0]LogEngineSessionManager: EngineSessionManager initialized
[2021.11.17-21.12.41:512][  0]LogEngineSessionManager: EngineSessionManager sent abnormal shutdown report. Type=Crashed, SessionId={A3E378AF-4D89-7C2D-0B7A-45A8837FE21E}
[2021.11.17-21.12.41:512][  0]LogEditorSessionSummary: Verbose: Initializing EditorSessionSummaryWriter for editor session tracking
[2021.11.17-21.12.41:514][  0]LogEditorSessionSummary: EditorSessionSummaryWriter initialized
[2021.11.17-21.12.41:544][  0]LogInit: Transaction tracking system initialized
[2021.11.17-21.12.41:595][  0]BlueprintLog: New page: Editor Load
[2021.11.17-21.12.41:734][  0]LocalizationService: Localization service is disabled
[2021.11.17-21.12.41:789][  0]TimingProfiler: Initialize
[2021.11.17-21.12.41:789][  0]TimingProfiler: OnSessionChanged
[2021.11.17-21.12.41:789][  0]LoadingProfiler: Initialize
[2021.11.17-21.12.41:789][  0]LoadingProfiler: OnSessionChanged
[2021.11.17-21.12.41:789][  0]NetworkingProfiler: Initialize
[2021.11.17-21.12.41:789][  0]NetworkingProfiler: OnSessionChanged
[2021.11.17-21.12.41:789][  0]MemoryProfiler: Initialize
[2021.11.17-21.12.41:790][  0]MemoryProfiler: OnSessionChanged
[2021.11.17-21.12.42:063][  0]LogFileCache: Scanning file cache for directory 'G:/UE4_data/Projects/MMA_project/Content/' took 0.00s
[2021.11.17-21.12.42:063][  0]LogCook: Display: CookSettings for Memory: MemoryMaxUsedVirtual 0MiB, MemoryMaxUsedPhysical 16384MiB, MemoryMinFreeVirtual 0MiB, MemoryMinFreePhysical 1024MiB
[2021.11.17-21.12.42:063][  0]LogCook: Display: Mobile HDR setting 1
[2021.11.17-21.12.42:647][  0]LogStreaming: Warning: Failed to read file '../../../Engine/Content/Editor/Slate/Niagara/MenuSeparator.png' error.
[2021.11.17-21.12.42:647][  0]LogSlate: Could not find file for Slate resource: ../../../Engine/Content/Editor/Slate/Niagara/MenuSeparator.png
[2021.11.17-21.12.42:647][  0]LogStreaming: Warning: Failed to read file '../../../Engine/Content/Editor/Slate/Niagara/Common/Selector.png' error.
[2021.11.17-21.12.42:647][  0]LogStreaming: Warning: Failed to read file '../../../Engine/Content/Editor/Slate/Niagara/Common/Selection.png' error.
[2021.11.17-21.12.42:647][  0]LogSlate: Could not find file for Slate resource: ../../../Engine/Content/Editor/Slate/Niagara/Common/Selection.png
[2021.11.17-21.12.42:647][  0]LogImageWrapper: Warning: PNG Warning: Duplicate iCCP chunk
[2021.11.17-21.12.42:648][  0]LogStreaming: Warning: Failed to read file '../../../Engine/Content/Editor/Slate/Niagara/Common/DropZoneIndicator_Above.png' error.
[2021.11.17-21.12.42:648][  0]LogSlate: Could not find file for Slate resource: ../../../Engine/Content/Editor/Slate/Niagara/Common/DropZoneIndicator_Above.png
[2021.11.17-21.12.42:648][  0]LogSlate: Could not find file for Slate resource: ../../../Engine/Content/Editor/Slate/Niagara/Common/Selector.png
[2021.11.17-21.12.42:648][  0]LogStreaming: Warning: Failed to read file '../../../Engine/Content/Editor/Slate/Niagara/Common/DropZoneIndicator_Onto.png' error.
[2021.11.17-21.12.42:648][  0]LogSlate: Could not find file for Slate resource: ../../../Engine/Content/Editor/Slate/Niagara/Common/DropZoneIndicator_Onto.png
[2021.11.17-21.12.42:648][  0]LogStreaming: Warning: Failed to read file '../../../Engine/Content/Editor/Slate/Niagara/Common/DropZoneIndicator_Below.png' error.
[2021.11.17-21.12.42:648][  0]LogSlate: Could not find file for Slate resource: ../../../Engine/Content/Editor/Slate/Niagara/Common/DropZoneIndicator_Below.png
[2021.11.17-21.12.42:648][  0]LogImageWrapper: Warning: PNG Warning: Duplicate iCCP chunk
[2021.11.17-21.12.42:648][  0]LogStreaming: Warning: Failed to read file '../../../Engine/Content/Editor/Slate/Niagara/Common/RoundedSelection_16x.png' error.
[2021.11.17-21.12.42:648][  0]LogSlate: Could not find file for Slate resource: ../../../Engine/Content/Editor/Slate/Niagara/Common/RoundedSelection_16x.png
[2021.11.17-21.12.42:648][  0]LogStreaming: Warning: Failed to read file '../../../Engine/Content/Editor/Slate/Niagara/Common/FlatButton.png' error.
[2021.11.17-21.12.42:648][  0]LogSlate: Could not find file for Slate resource: ../../../Engine/Content/Editor/Slate/Niagara/Common/FlatButton.png
[2021.11.17-21.12.42:745][  0]LogInit: Display: Engine is initialized. Leaving FEngineLoop::Init()
[2021.11.17-21.12.42:749][  0]SourceControl: Source control is disabled
[2021.11.17-21.12.42:750][  0]LogUnrealEdMisc: Loading editor; pre map load, took 13.336
[2021.11.17-21.12.42:750][  0]Cmd: MAP LOAD FILE="G:/UE4_data/Projects/MMA_project/Plugins/BeachSimulation/Content/Levels/BeachSimulationTestMap.umap" TEMPLATE=0 SHOWPROGRESS=1 FEATURELEVEL=3
[2021.11.17-21.12.42:751][  0]LightingResults: New page: Lighting Build
[2021.11.17-21.12.42:753][  0]LogWorld: UWorld::CleanupWorld for Untitled, bSessionEnded=true, bCleanupResources=true
[2021.11.17-21.12.42:754][  0]LogSlate: InvalidateAllWidgets triggered.  All widgets were invalidated
[2021.11.17-21.12.42:754][  0]MapCheck: New page: Map Check
[2021.11.17-21.12.42:754][  0]LightingResults: New page: Lighting Build
[2021.11.17-21.12.42:761][  0]LogAudio: Display: Audio Device unregistered from world 'None'.
[2021.11.17-21.12.42:767][  0]LogUObjectHash: Compacting FUObjectHashTables data took   0.92ms
[2021.11.17-21.12.42:873][  0]LogAudio: Display: Audio Device (ID: 1) registered with world 'BeachSimulationTestMap'.
[2021.11.17-21.12.42:874][  0]LogAIModule: Creating AISystem for world BeachSimulationTestMap
[2021.11.17-21.12.42:880][  0]LogEditorServer: Finished looking for orphan Actors (0.000 secs)
[2021.11.17-21.12.42:894][  0]LogUObjectHash: Compacting FUObjectHashTables data took   1.09ms
[2021.11.17-21.12.42:894][  0]Cmd: MAP CHECKDEP NOCLEARLOG
[2021.11.17-21.12.42:894][  0]MapCheck: Map check complete: 0 Error(s), 0 Warning(s), took 0.112ms to complete.
[2021.11.17-21.12.42:894][  0]LogFileHelpers: Loading map 'BeachSimulationTestMap' took 0.144
[2021.11.17-21.12.42:897][  0]LogUnrealEdMisc: Total Editor Startup Time, took 13.483
[2021.11.17-21.12.43:054][  0]LogSlate: Updating window title bar state: overlay mode, drag disabled, window buttons hidden, title bar hidden
[2021.11.17-21.12.43:061][  0]LogSlate: Updating window title bar state: overlay mode, drag disabled, window buttons hidden, title bar hidden
[2021.11.17-21.12.43:070][  0]LogSlate: Updating window title bar state: overlay mode, drag disabled, window buttons hidden, title bar hidden
[2021.11.17-21.12.43:078][  0]LogSlate: Updating window title bar state: overlay mode, drag disabled, window buttons hidden, title bar hidden
[2021.11.17-21.12.43:104][  0]LogNativeClassHierarchy: Verbose: Native class hierarchy populated in 0.0124 seconds. Added 3829 classes and 933 folders.
[2021.11.17-21.12.43:111][  0]LogNativeClassHierarchy: Verbose: Native class hierarchy updated for 'WidgetCarousel' in 0.0003 seconds. Added 0 classes and 0 folders.
[2021.11.17-21.12.43:115][  0]LogPakFile: PakFile PrimaryIndexSize=187
[2021.11.17-21.12.43:116][  0]LogPakFile: PakFile PathHashIndexSize=101
[2021.11.17-21.12.43:116][  0]LogPakFile: PakFile FullDirectoryIndexSize=148
[2021.11.17-21.12.43:116][  0]LogShaderLibrary: Display: ShaderCodeLibraryPakFileMountedCallback: PakFile 'C:/EP/UE_4.27/FeaturePacks/FP_FirstPerson.upack' (chunk index -1, root 'root:/') mounted
[2021.11.17-21.12.43:116][  0]LogShaderLibrary: Display: ShaderCodeLibraryPakFileMountedCallback: pending pak file info (ChunkID:-1 Root:root:/ File:C:/EP/UE_4.27/FeaturePacks/FP_FirstPerson.upack)
[2021.11.17-21.12.43:116][  0]LogPakFile: OnPakFileMounted2Time == 0.000280
[2021.11.17-21.12.43:119][  0]LogPakFile: PakFile PrimaryIndexSize=189
[2021.11.17-21.12.43:119][  0]LogPakFile: PakFile PathHashIndexSize=101
[2021.11.17-21.12.43:119][  0]LogPakFile: PakFile FullDirectoryIndexSize=152
[2021.11.17-21.12.43:119][  0]LogShaderLibrary: Display: ShaderCodeLibraryPakFileMountedCallback: PakFile 'C:/EP/UE_4.27/FeaturePacks/FP_FirstPersonBP.upack' (chunk index -1, root 'root:/') mounted
[2021.11.17-21.12.43:119][  0]LogShaderLibrary: Display: ShaderCodeLibraryPakFileMountedCallback: pending pak file info (ChunkID:-1 Root:root:/ File:C:/EP/UE_4.27/FeaturePacks/FP_FirstPersonBP.upack)
[2021.11.17-21.12.43:119][  0]LogPakFile: OnPakFileMounted2Time == 0.000340
[2021.11.17-21.12.43:121][  0]LogPakFile: PakFile PrimaryIndexSize=191
[2021.11.17-21.12.43:121][  0]LogPakFile: PakFile PathHashIndexSize=101
[2021.11.17-21.12.43:121][  0]LogPakFile: PakFile FullDirectoryIndexSize=160
[2021.11.17-21.12.43:122][  0]LogShaderLibrary: Display: ShaderCodeLibraryPakFileMountedCallback: PakFile 'C:/EP/UE_4.27/FeaturePacks/MobileStarterContent.upack' (chunk index -1, root 'root:/') mounted
[2021.11.17-21.12.43:122][  0]LogShaderLibrary: Display: ShaderCodeLibraryPakFileMountedCallback: pending pak file info (ChunkID:-1 Root:root:/ File:C:/EP/UE_4.27/FeaturePacks/MobileStarterContent.upack)
[2021.11.17-21.12.43:122][  0]LogPakFile: OnPakFileMounted2Time == 0.000198
[2021.11.17-21.12.43:124][  0]LogPakFile: PakFile PrimaryIndexSize=185
[2021.11.17-21.12.43:124][  0]LogPakFile: PakFile PathHashIndexSize=101
[2021.11.17-21.12.43:124][  0]LogPakFile: PakFile FullDirectoryIndexSize=148
[2021.11.17-21.12.43:124][  0]LogShaderLibrary: Display: ShaderCodeLibraryPakFileMountedCallback: PakFile 'C:/EP/UE_4.27/FeaturePacks/StarterContent.upack' (chunk index -1, root 'root:/') mounted
[2021.11.17-21.12.43:124][  0]LogShaderLibrary: Display: ShaderCodeLibraryPakFileMountedCallback: pending pak file info (ChunkID:-1 Root:root:/ File:C:/EP/UE_4.27/FeaturePacks/StarterContent.upack)
[2021.11.17-21.12.43:124][  0]LogPakFile: OnPakFileMounted2Time == 0.000195
[2021.11.17-21.12.43:126][  0]LogPakFile: PakFile PrimaryIndexSize=190
[2021.11.17-21.12.43:126][  0]LogPakFile: PakFile PathHashIndexSize=101
[2021.11.17-21.12.43:126][  0]LogPakFile: PakFile FullDirectoryIndexSize=154
[2021.11.17-21.12.43:126][  0]LogShaderLibrary: Display: ShaderCodeLibraryPakFileMountedCallback: PakFile 'C:/EP/UE_4.27/FeaturePacks/TP_2DSideScroller.upack' (chunk index -1, root 'root:/') mounted
[2021.11.17-21.12.43:126][  0]LogShaderLibrary: Display: ShaderCodeLibraryPakFileMountedCallback: pending pak file info (ChunkID:-1 Root:root:/ File:C:/EP/UE_4.27/FeaturePacks/TP_2DSideScroller.upack)
[2021.11.17-21.12.43:127][  0]LogPakFile: OnPakFileMounted2Time == 0.000207
[2021.11.17-21.12.43:129][  0]LogPakFile: PakFile PrimaryIndexSize=192
[2021.11.17-21.12.43:129][  0]LogPakFile: PakFile PathHashIndexSize=101
[2021.11.17-21.12.43:129][  0]LogPakFile: PakFile FullDirectoryIndexSize=158
[2021.11.17-21.12.43:129][  0]LogShaderLibrary: Display: ShaderCodeLibraryPakFileMountedCallback: PakFile 'C:/EP/UE_4.27/FeaturePacks/TP_2DSideScrollerBP.upack' (chunk index -1, root 'root:/') mounted
[2021.11.17-21.12.43:129][  0]LogShaderLibrary: Display: ShaderCodeLibraryPakFileMountedCallback: pending pak file info (ChunkID:-1 Root:root:/ File:C:/EP/UE_4.27/FeaturePacks/TP_2DSideScrollerBP.upack)
[2021.11.17-21.12.43:130][  0]LogPakFile: OnPakFileMounted2Time == 0.000395
[2021.11.17-21.12.43:132][  0]LogPakFile: PakFile PrimaryIndexSize=182
[2021.11.17-21.12.43:132][  0]LogPakFile: PakFile PathHashIndexSize=101
[2021.11.17-21.12.43:132][  0]LogPakFile: PakFile FullDirectoryIndexSize=138
[2021.11.17-21.12.43:132][  0]LogShaderLibrary: Display: ShaderCodeLibraryPakFileMountedCallback: PakFile 'C:/EP/UE_4.27/FeaturePacks/TP_Flying.upack' (chunk index -1, root 'root:/') mounted
[2021.11.17-21.12.43:132][  0]LogShaderLibrary: Display: ShaderCodeLibraryPakFileMountedCallback: pending pak file info (ChunkID:-1 Root:root:/ File:C:/EP/UE_4.27/FeaturePacks/TP_Flying.upack)
[2021.11.17-21.12.43:132][  0]LogPakFile: OnPakFileMounted2Time == 0.000240
[2021.11.17-21.12.43:134][  0]LogPakFile: PakFile PrimaryIndexSize=184
[2021.11.17-21.12.43:134][  0]LogPakFile: PakFile PathHashIndexSize=101
[2021.11.17-21.12.43:135][  0]LogPakFile: PakFile FullDirectoryIndexSize=142
[2021.11.17-21.12.43:135][  0]LogShaderLibrary: Display: ShaderCodeLibraryPakFileMountedCallback: PakFile 'C:/EP/UE_4.27/FeaturePacks/TP_FlyingBP.upack' (chunk index -1, root 'root:/') mounted
[2021.11.17-21.12.43:135][  0]LogShaderLibrary: Display: ShaderCodeLibraryPakFileMountedCallback: pending pak file info (ChunkID:-1 Root:root:/ File:C:/EP/UE_4.27/FeaturePacks/TP_FlyingBP.upack)
[2021.11.17-21.12.43:135][  0]LogPakFile: OnPakFileMounted2Time == 0.000211
[2021.11.17-21.12.43:137][  0]LogPakFile: PakFile PrimaryIndexSize=188
[2021.11.17-21.12.43:137][  0]LogPakFile: PakFile PathHashIndexSize=101
[2021.11.17-21.12.43:137][  0]LogPakFile: PakFile FullDirectoryIndexSize=150
[2021.11.17-21.12.43:137][  0]LogShaderLibrary: Display: ShaderCodeLibraryPakFileMountedCallback: PakFile 'C:/EP/UE_4.27/FeaturePacks/TP_HandheldARBP.upack' (chunk index -1, root 'root:/') mounted
[2021.11.17-21.12.43:137][  0]LogShaderLibrary: Display: ShaderCodeLibraryPakFileMountedCallback: pending pak file info (ChunkID:-1 Root:root:/ File:C:/EP/UE_4.27/FeaturePacks/TP_HandheldARBP.upack)
[2021.11.17-21.12.43:137][  0]LogPakFile: OnPakFileMounted2Time == 0.000222
[2021.11.17-21.12.43:142][  0]LogPakFile: PakFile PrimaryIndexSize=182
[2021.11.17-21.12.43:142][  0]LogPakFile: PakFile PathHashIndexSize=101
[2021.11.17-21.12.43:143][  0]LogPakFile: PakFile FullDirectoryIndexSize=138
[2021.11.17-21.12.43:143][  0]LogShaderLibrary: Display: ShaderCodeLibraryPakFileMountedCallback: PakFile 'C:/EP/UE_4.27/FeaturePacks/TP_Puzzle.upack' (chunk index -1, root 'root:/') mounted
[2021.11.17-21.12.43:143][  0]LogShaderLibrary: Display: ShaderCodeLibraryPakFileMountedCallback: pending pak file info (ChunkID:-1 Root:root:/ File:C:/EP/UE_4.27/FeaturePacks/TP_Puzzle.upack)
[2021.11.17-21.12.43:143][  0]LogPakFile: OnPakFileMounted2Time == 0.000199
[2021.11.17-21.12.43:145][  0]LogPakFile: PakFile PrimaryIndexSize=184
[2021.11.17-21.12.43:145][  0]LogPakFile: PakFile PathHashIndexSize=101
[2021.11.17-21.12.43:145][  0]LogPakFile: PakFile FullDirectoryIndexSize=142
[2021.11.17-21.12.43:146][  0]LogShaderLibrary: Display: ShaderCodeLibraryPakFileMountedCallback: PakFile 'C:/EP/UE_4.27/FeaturePacks/TP_PuzzleBP.upack' (chunk index -1, root 'root:/') mounted
[2021.11.17-21.12.43:146][  0]LogShaderLibrary: Display: ShaderCodeLibraryPakFileMountedCallback: pending pak file info (ChunkID:-1 Root:root:/ File:C:/EP/UE_4.27/FeaturePacks/TP_PuzzleBP.upack)
[2021.11.17-21.12.43:146][  0]LogPakFile: OnPakFileMounted2Time == 0.000231
[2021.11.17-21.12.43:148][  0]LogPakFile: PakFile PrimaryIndexSize=183
[2021.11.17-21.12.43:148][  0]LogPakFile: PakFile PathHashIndexSize=101
[2021.11.17-21.12.43:148][  0]LogPakFile: PakFile FullDirectoryIndexSize=140
[2021.11.17-21.12.43:149][  0]LogShaderLibrary: Display: ShaderCodeLibraryPakFileMountedCallback: PakFile 'C:/EP/UE_4.27/FeaturePacks/TP_Rolling.upack' (chunk index -1, root 'root:/') mounted
[2021.11.17-21.12.43:149][  0]LogShaderLibrary: Display: ShaderCodeLibraryPakFileMountedCallback: pending pak file info (ChunkID:-1 Root:root:/ File:C:/EP/UE_4.27/FeaturePacks/TP_Rolling.upack)
[2021.11.17-21.12.43:149][  0]LogPakFile: OnPakFileMounted2Time == 0.000307
[2021.11.17-21.12.43:151][  0]LogPakFile: PakFile PrimaryIndexSize=185
[2021.11.17-21.12.43:151][  0]LogPakFile: PakFile PathHashIndexSize=101
[2021.11.17-21.12.43:151][  0]LogPakFile: PakFile FullDirectoryIndexSize=144
[2021.11.17-21.12.43:151][  0]LogShaderLibrary: Display: ShaderCodeLibraryPakFileMountedCallback: PakFile 'C:/EP/UE_4.27/FeaturePacks/TP_RollingBP.upack' (chunk index -1, root 'root:/') mounted
[2021.11.17-21.12.43:151][  0]LogShaderLibrary: Display: ShaderCodeLibraryPakFileMountedCallback: pending pak file info (ChunkID:-1 Root:root:/ File:C:/EP/UE_4.27/FeaturePacks/TP_RollingBP.upack)
[2021.11.17-21.12.43:152][  0]LogPakFile: OnPakFileMounted2Time == 0.000253
[2021.11.17-21.12.43:154][  0]LogPakFile: PakFile PrimaryIndexSize=188
[2021.11.17-21.12.43:154][  0]LogPakFile: PakFile PathHashIndexSize=101
[2021.11.17-21.12.43:154][  0]LogPakFile: PakFile FullDirectoryIndexSize=150
[2021.11.17-21.12.43:154][  0]LogShaderLibrary: Display: ShaderCodeLibraryPakFileMountedCallback: PakFile 'C:/EP/UE_4.27/FeaturePacks/TP_SideScroller.upack' (chunk index -1, root 'root:/') mounted
[2021.11.17-21.12.43:154][  0]LogShaderLibrary: Display: ShaderCodeLibraryPakFileMountedCallback: pending pak file info (ChunkID:-1 Root:root:/ File:C:/EP/UE_4.27/FeaturePacks/TP_SideScroller.upack)
[2021.11.17-21.12.43:154][  0]LogPakFile: OnPakFileMounted2Time == 0.000302
[2021.11.17-21.12.43:156][  0]LogPakFile: PakFile PrimaryIndexSize=190
[2021.11.17-21.12.43:157][  0]LogPakFile: PakFile PathHashIndexSize=101
[2021.11.17-21.12.43:157][  0]LogPakFile: PakFile FullDirectoryIndexSize=154
[2021.11.17-21.12.43:157][  0]LogShaderLibrary: Display: ShaderCodeLibraryPakFileMountedCallback: PakFile 'C:/EP/UE_4.27/FeaturePacks/TP_SideScrollerBP.upack' (chunk index -1, root 'root:/') mounted
[2021.11.17-21.12.43:157][  0]LogShaderLibrary: Display: ShaderCodeLibraryPakFileMountedCallback: pending pak file info (ChunkID:-1 Root:root:/ File:C:/EP/UE_4.27/FeaturePacks/TP_SideScrollerBP.upack)
[2021.11.17-21.12.43:157][  0]LogPakFile: OnPakFileMounted2Time == 0.000321
[2021.11.17-21.12.43:159][  0]LogPakFile: PakFile PrimaryIndexSize=187
[2021.11.17-21.12.43:159][  0]LogPakFile: PakFile PathHashIndexSize=101
[2021.11.17-21.12.43:159][  0]LogPakFile: PakFile FullDirectoryIndexSize=148
[2021.11.17-21.12.43:160][  0]LogShaderLibrary: Display: ShaderCodeLibraryPakFileMountedCallback: PakFile 'C:/EP/UE_4.27/FeaturePacks/TP_ThirdPerson.upack' (chunk index -1, root 'root:/') mounted
[2021.11.17-21.12.43:160][  0]LogShaderLibrary: Display: ShaderCodeLibraryPakFileMountedCallback: pending pak file info (ChunkID:-1 Root:root:/ File:C:/EP/UE_4.27/FeaturePacks/TP_ThirdPerson.upack)
[2021.11.17-21.12.43:160][  0]LogPakFile: OnPakFileMounted2Time == 0.000195
[2021.11.17-21.12.43:162][  0]LogPakFile: PakFile PrimaryIndexSize=189
[2021.11.17-21.12.43:162][  0]LogPakFile: PakFile PathHashIndexSize=101
[2021.11.17-21.12.43:162][  0]LogPakFile: PakFile FullDirectoryIndexSize=152
[2021.11.17-21.12.43:162][  0]LogShaderLibrary: Display: ShaderCodeLibraryPakFileMountedCallback: PakFile 'C:/EP/UE_4.27/FeaturePacks/TP_ThirdPersonBP.upack' (chunk index -1, root 'root:/') mounted
[2021.11.17-21.12.43:162][  0]LogShaderLibrary: Display: ShaderCodeLibraryPakFileMountedCallback: pending pak file info (ChunkID:-1 Root:root:/ File:C:/EP/UE_4.27/FeaturePacks/TP_ThirdPersonBP.upack)
[2021.11.17-21.12.43:162][  0]LogPakFile: OnPakFileMounted2Time == 0.000341
[2021.11.17-21.12.43:164][  0]LogPakFile: PakFile PrimaryIndexSize=183
[2021.11.17-21.12.43:164][  0]LogPakFile: PakFile PathHashIndexSize=101
[2021.11.17-21.12.43:164][  0]LogPakFile: PakFile FullDirectoryIndexSize=140
[2021.11.17-21.12.43:164][  0]LogShaderLibrary: Display: ShaderCodeLibraryPakFileMountedCallback: PakFile 'C:/EP/UE_4.27/FeaturePacks/TP_TopDown.upack' (chunk index -1, root 'root:/') mounted
[2021.11.17-21.12.43:165][  0]LogShaderLibrary: Display: ShaderCodeLibraryPakFileMountedCallback: pending pak file info (ChunkID:-1 Root:root:/ File:C:/EP/UE_4.27/FeaturePacks/TP_TopDown.upack)
[2021.11.17-21.12.43:165][  0]LogPakFile: OnPakFileMounted2Time == 0.000179
[2021.11.17-21.12.43:166][  0]LogPakFile: PakFile PrimaryIndexSize=185
[2021.11.17-21.12.43:166][  0]LogPakFile: PakFile PathHashIndexSize=101
[2021.11.17-21.12.43:166][  0]LogPakFile: PakFile FullDirectoryIndexSize=144
[2021.11.17-21.12.43:166][  0]LogShaderLibrary: Display: ShaderCodeLibraryPakFileMountedCallback: PakFile 'C:/EP/UE_4.27/FeaturePacks/TP_TopDownBP.upack' (chunk index -1, root 'root:/') mounted
[2021.11.17-21.12.43:167][  0]LogShaderLibrary: Display: ShaderCodeLibraryPakFileMountedCallback: pending pak file info (ChunkID:-1 Root:root:/ File:C:/EP/UE_4.27/FeaturePacks/TP_TopDownBP.upack)
[2021.11.17-21.12.43:167][  0]LogPakFile: OnPakFileMounted2Time == 0.000187
[2021.11.17-21.12.43:168][  0]LogPakFile: PakFile PrimaryIndexSize=185
[2021.11.17-21.12.43:168][  0]LogPakFile: PakFile PathHashIndexSize=101
[2021.11.17-21.12.43:168][  0]LogPakFile: PakFile FullDirectoryIndexSize=144
[2021.11.17-21.12.43:168][  0]LogShaderLibrary: Display: ShaderCodeLibraryPakFileMountedCallback: PakFile 'C:/EP/UE_4.27/FeaturePacks/TP_TwinStick.upack' (chunk index -1, root 'root:/') mounted
[2021.11.17-21.12.43:168][  0]LogShaderLibrary: Display: ShaderCodeLibraryPakFileMountedCallback: pending pak file info (ChunkID:-1 Root:root:/ File:C:/EP/UE_4.27/FeaturePacks/TP_TwinStick.upack)
[2021.11.17-21.12.43:168][  0]LogPakFile: OnPakFileMounted2Time == 0.000172
[2021.11.17-21.12.43:170][  0]LogPakFile: PakFile PrimaryIndexSize=187
[2021.11.17-21.12.43:170][  0]LogPakFile: PakFile PathHashIndexSize=101
[2021.11.17-21.12.43:170][  0]LogPakFile: PakFile FullDirectoryIndexSize=148
[2021.11.17-21.12.43:170][  0]LogShaderLibrary: Display: ShaderCodeLibraryPakFileMountedCallback: PakFile 'C:/EP/UE_4.27/FeaturePacks/TP_TwinStickBP.upack' (chunk index -1, root 'root:/') mounted
[2021.11.17-21.12.43:170][  0]LogShaderLibrary: Display: ShaderCodeLibraryPakFileMountedCallback: pending pak file info (ChunkID:-1 Root:root:/ File:C:/EP/UE_4.27/FeaturePacks/TP_TwinStickBP.upack)
[2021.11.17-21.12.43:170][  0]LogPakFile: OnPakFileMounted2Time == 0.000152
[2021.11.17-21.12.43:172][  0]LogPakFile: PakFile PrimaryIndexSize=183
[2021.11.17-21.12.43:172][  0]LogPakFile: PakFile PathHashIndexSize=101
[2021.11.17-21.12.43:172][  0]LogPakFile: PakFile FullDirectoryIndexSize=140
[2021.11.17-21.12.43:172][  0]LogShaderLibrary: Display: ShaderCodeLibraryPakFileMountedCallback: PakFile 'C:/EP/UE_4.27/FeaturePacks/TP_Vehicle.upack' (chunk index -1, root 'root:/') mounted
[2021.11.17-21.12.43:172][  0]LogShaderLibrary: Display: ShaderCodeLibraryPakFileMountedCallback: pending pak file info (ChunkID:-1 Root:root:/ File:C:/EP/UE_4.27/FeaturePacks/TP_Vehicle.upack)
[2021.11.17-21.12.43:173][  0]LogPakFile: OnPakFileMounted2Time == 0.000166
[2021.11.17-21.12.43:174][  0]LogPakFile: PakFile PrimaryIndexSize=186
[2021.11.17-21.12.43:174][  0]LogPakFile: PakFile PathHashIndexSize=101
[2021.11.17-21.12.43:174][  0]LogPakFile: PakFile FullDirectoryIndexSize=146
[2021.11.17-21.12.43:174][  0]LogShaderLibrary: Display: ShaderCodeLibraryPakFileMountedCallback: PakFile 'C:/EP/UE_4.27/FeaturePacks/TP_VehicleAdv.upack' (chunk index -1, root 'root:/') mounted
[2021.11.17-21.12.43:175][  0]LogShaderLibrary: Display: ShaderCodeLibraryPakFileMountedCallback: pending pak file info (ChunkID:-1 Root:root:/ File:C:/EP/UE_4.27/FeaturePacks/TP_VehicleAdv.upack)
[2021.11.17-21.12.43:175][  0]LogPakFile: OnPakFileMounted2Time == 0.000158
[2021.11.17-21.12.43:176][  0]LogPakFile: PakFile PrimaryIndexSize=188
[2021.11.17-21.12.43:176][  0]LogPakFile: PakFile PathHashIndexSize=101
[2021.11.17-21.12.43:176][  0]LogPakFile: PakFile FullDirectoryIndexSize=150
[2021.11.17-21.12.43:176][  0]LogShaderLibrary: Display: ShaderCodeLibraryPakFileMountedCallback: PakFile 'C:/EP/UE_4.27/FeaturePacks/TP_VehicleAdvBP.upack' (chunk index -1, root 'root:/') mounted
[2021.11.17-21.12.43:176][  0]LogShaderLibrary: Display: ShaderCodeLibraryPakFileMountedCallback: pending pak file info (ChunkID:-1 Root:root:/ File:C:/EP/UE_4.27/FeaturePacks/TP_VehicleAdvBP.upack)
[2021.11.17-21.12.43:177][  0]LogPakFile: OnPakFileMounted2Time == 0.000155
[2021.11.17-21.12.43:179][  0]LogPakFile: PakFile PrimaryIndexSize=185
[2021.11.17-21.12.43:179][  0]LogPakFile: PakFile PathHashIndexSize=101
[2021.11.17-21.12.43:179][  0]LogPakFile: PakFile FullDirectoryIndexSize=144
[2021.11.17-21.12.43:179][  0]LogShaderLibrary: Display: ShaderCodeLibraryPakFileMountedCallback: PakFile 'C:/EP/UE_4.27/FeaturePacks/TP_VehicleBP.upack' (chunk index -1, root 'root:/') mounted
[2021.11.17-21.12.43:179][  0]LogShaderLibrary: Display: ShaderCodeLibraryPakFileMountedCallback: pending pak file info (ChunkID:-1 Root:root:/ File:C:/EP/UE_4.27/FeaturePacks/TP_VehicleBP.upack)
[2021.11.17-21.12.43:179][  0]LogPakFile: OnPakFileMounted2Time == 0.000156
[2021.11.17-21.12.43:181][  0]LogPakFile: PakFile PrimaryIndexSize=192
[2021.11.17-21.12.43:181][  0]LogPakFile: PakFile PathHashIndexSize=101
[2021.11.17-21.12.43:181][  0]LogPakFile: PakFile FullDirectoryIndexSize=158
[2021.11.17-21.12.43:181][  0]LogShaderLibrary: Display: ShaderCodeLibraryPakFileMountedCallback: PakFile 'C:/EP/UE_4.27/FeaturePacks/TP_VirtualRealityBP.upack' (chunk index -1, root 'root:/') mounted
[2021.11.17-21.12.43:181][  0]LogShaderLibrary: Display: ShaderCodeLibraryPakFileMountedCallback: pending pak file info (ChunkID:-1 Root:root:/ File:C:/EP/UE_4.27/FeaturePacks/TP_VirtualRealityBP.upack)
[2021.11.17-21.12.43:181][  0]LogPakFile: OnPakFileMounted2Time == 0.000175
[2021.11.17-21.12.43:340][  0]LogNativeClassHierarchy: Verbose: Native class hierarchy updated for 'AddContentDialog' in 0.0003 seconds. Added 0 classes and 0 folders.
[2021.11.17-21.12.43:344][  0]LogNativeClassHierarchy: Verbose: Native class hierarchy updated for 'SceneOutliner' in 0.0003 seconds. Added 2 classes and 0 folders.
[2021.11.17-21.12.43:449][  0]LogSlate: Took 0.000294 seconds to synchronously load lazily loaded font '../../../Engine/Content/Slate/Fonts/Roboto-Regular.ttf' (155K)
[2021.11.17-21.12.43:451][  0]LogSlate: Took 0.000665 seconds to synchronously load lazily loaded font '../../../Engine/Content/Editor/Slate/Fonts/FontAwesome.ttf' (139K)
[2021.11.17-21.12.43:454][  0]LogSlate: Took 0.000274 seconds to synchronously load lazily loaded font '../../../Engine/Content/Slate/Fonts/Roboto-Bold.ttf' (160K)
[2021.11.17-21.12.43:567][  0]LogRenderer: Reallocating scene render targets to support 1172x564 Format 10 NumSamples 1 (Frame:1).
[2021.11.17-21.12.43:629][  0]LogSlate: Took 0.000841 seconds to synchronously load lazily loaded font '../../../Engine/Content/Slate/Fonts/Roboto-Light.ttf' (167K)
[2021.11.17-21.12.43:768][  0]LogNativeClassHierarchy: Verbose: Native class hierarchy updated for 'HierarchicalLODOutliner' in 0.0003 seconds. Added 0 classes and 0 folders.
[2021.11.17-21.12.43:770][  0]LogLoad: (Engine Initialization) Total time: 14.36 seconds
[2021.11.17-21.12.43:770][  0]LogLoad: (Engine Initialization) Total Blueprint compile time: 0.00 seconds
[2021.11.17-21.12.43:823][  0]LogAssetRegistry: Asset discovery search completed in 7.6197 seconds
[2021.11.17-21.12.43:832][  0]LogCollectionManager: Fixed up redirectors for 0 collections in 0.000008 seconds (updated 0 objects)
[2021.11.17-21.12.43:833][  0]LogContentStreaming: Texture pool size now 1000 MB
[2021.11.17-21.12.46:349][203]LogTemp: Repeating last play command: Simulate
[2021.11.17-21.12.46:356][203]LogPlayLevel: PlayLevel: No blueprints needed recompiling
[2021.11.17-21.12.46:357][203]PIE: New page: SIE session: BeachSimulationTestMap (Nov 17, 2021, 11:12:46 PM)
[2021.11.17-21.12.46:359][203]LogOnline: OSS: Creating online subsystem instance for: NULL
[2021.11.17-21.12.46:362][203]LogOnline: OSS: TryLoadSubsystemAndSetDefault: Loaded subsystem for module [NULL]
[2021.11.17-21.12.46:363][203]LogPlayLevel: Creating play world package: /BeachSimulation/Levels/UEDPIE_0_BeachSimulationTestMap
[2021.11.17-21.12.46:367][203]LogPlayLevel: PIE: StaticDuplicateObject took: (0.003860s)
[2021.11.17-21.12.46:368][203]LogAIModule: Creating AISystem for world BeachSimulationTestMap
[2021.11.17-21.12.46:369][203]LogPlayLevel: PIE: World Init took: (0.001697s)
[2021.11.17-21.12.46:369][203]LogPlayLevel: PIE: Created PIE world by copying editor world from /BeachSimulation/Levels/BeachSimulationTestMap.BeachSimulationTestMap to /BeachSimulation/Levels/UEDPIE_0_BeachSimulationTestMap.BeachSimulationTestMap (0.006185s)
[2021.11.17-21.12.46:377][203]LogUObjectHash: Compacting FUObjectHashTables data took   0.84ms
[2021.11.17-21.12.46:378][203]LogAudio: Display: Creating Audio Device:                 Id: 2, Scope: Unique, Realtime: True
[2021.11.17-21.12.46:379][203]LogAudioMixer: Display: Audio Mixer Platform Settings:
[2021.11.17-21.12.46:379][203]LogAudioMixer: Display: 	Sample Rate:						  48000
[2021.11.17-21.12.46:379][203]LogAudioMixer: Display: 	Callback Buffer Frame Size Requested: 1024
[2021.11.17-21.12.46:379][203]LogAudioMixer: Display: 	Callback Buffer Frame Size To Use:	  1024
[2021.11.17-21.12.46:379][203]LogAudioMixer: Display: 	Number of buffers to queue:			  2
[2021.11.17-21.12.46:379][203]LogAudioMixer: Display: 	Max Channels (voices):				  32
[2021.11.17-21.12.46:379][203]LogAudioMixer: Display: 	Number of Async Source Workers:		  0
[2021.11.17-21.12.46:379][203]LogAudio: Display: AudioDevice MaxSources: 32
[2021.11.17-21.12.46:380][203]LogAudio: Display: Audio Spatialization Plugin: None (built-in).
[2021.11.17-21.12.46:380][203]LogAudio: Display: Audio Reverb Plugin: None (built-in).
[2021.11.17-21.12.46:380][203]LogAudio: Display: Audio Occlusion Plugin: None (built-in).
[2021.11.17-21.12.46:381][203]LogAudioMixer: Display: Initializing audio mixer.
[2021.11.17-21.12.46:386][203]LogAudioMixer: Display: 0: FrontLeft
[2021.11.17-21.12.46:386][203]LogAudioMixer: Display: 1: FrontRight
[2021.11.17-21.12.46:416][203]LogAudioMixer: Display: Using Audio Device Динамики (Realtek High Definition Audio)
[2021.11.17-21.12.46:417][203]LogAudioMixer: Display: Initializing Sound Submixes...
[2021.11.17-21.12.46:417][203]LogAudioMixer: Display: Creating Master Submix 'MasterSubmixDefault'
[2021.11.17-21.12.46:417][203]LogAudioMixer: Display: Creating Master Submix 'MasterReverbSubmixDefault'
[2021.11.17-21.12.46:418][203]LogAudioMixer: Display: Creating Master Submix 'MasterEQSubmixDefault'
[2021.11.17-21.12.46:418][203]LogAudioMixer: FMixerPlatformXAudio2::StartAudioStream() called
[2021.11.17-21.12.46:418][203]LogAudioMixer: Display: Output buffers initialized: Frames=1024, Channels=2, Samples=2048
[2021.11.17-21.12.46:421][203]LogAudioMixer: Display: Starting AudioMixerPlatformInterface::RunInternal()
[2021.11.17-21.12.46:421][203]LogAudioMixer: Display: FMixerPlatformXAudio2::SubmitBuffer() called for the first time
[2021.11.17-21.12.46:421][203]LogInit: FAudioDevice initialized.
[2021.11.17-21.12.46:422][203]LogAudio: Display: Audio Device (ID: 2) registered with world 'BeachSimulationTestMap'.
[2021.11.17-21.12.46:436][203]LogLoad: Game class is 'GameModeBase'
[2021.11.17-21.12.46:438][203]LogWorld: Bringing World /BeachSimulation/Levels/UEDPIE_0_BeachSimulationTestMap.BeachSimulationTestMap up for play (max tick rate 0) at 2021.11.17-22.12.46
[2021.11.17-21.12.46:439][203]LogWorld: Bringing up level for play took: 0.000814
[2021.11.17-21.12.46:439][203]LogOnline: OSS: Creating online subsystem instance for: :Context_1
[2021.11.17-21.12.46:449][203]LogNativeClassHierarchy: Verbose: Native class hierarchy updated for 'MovieSceneCapture' in 0.0004 seconds. Added 20 classes and 0 folders.
[2021.11.17-21.12.46:455][203]PIE: Server logged in
[2021.11.17-21.12.46:457][203]PIE: Play in editor total start time 0.103 seconds.
